#
# A fatal error has been detected by the Java Runtime Environment:
#
#  SIGSEGV (0xb) at pc=0x00007f515a790e83, pid=5989, tid=139987347867392
#
# JRE version: Java(TM) SE Runtime Environment (8.0-b59)
# Java VM: Java HotSpot(TM) 64-Bit Server VM (25.0-b02 mixed mode linux-amd64 compressed oops)
# Problematic frame:
# C  [libc.so.6+0x14ee83]  __nss_hosts_lookup+0x1d523
#
# Failed to write core dump. Core dumps have been disabled. To enable core dumping, try "ulimit -c unlimited" before starting Java again
#
# If you would like to submit a bug report, please visit:
#   http://bugreport.sun.com/bugreport/crash.jsp
#

---------------  T H R E A D  ---------------

Current thread (0x00007f5154019800):  GCTaskThread [stack: 0x00007f5158148000,0x00007f5158249000] [id=5992]

siginfo:si_signo=SIGSEGV: si_errno=0, si_code=1 (SEGV_MAPERR), si_addr=0x00007f5134cb2000

Registers:
RAX=0x0000000084c85d98, RBX=0x0000000084c85d98, RCX=0x0000000000000000, RDX=0x0000000034a79f68
RSP=0x00007f51582472f8, RBP=0x00007f5158247370, RSI=0x00007f5134cb1fd8, RDI=0x0000000084da0a30
R8 =0x0000000084c85d98, R9 =0x0000000000300000, R10=0x00000000b981aa98, R11=0x00007f515a6ce08d
R12=0x00007f5134b97340, R13=0x00007f515a5d2f50, R14=0x0000000000000001, R15=0x00000000069729a0
RIP=0x00007f515a790e83, EFLAGS=0x0000000000010202, CSGSFS=0x0000000000000033, ERR=0x0000000000000004
  TRAPNO=0x000000000000000e

Top of Stack: (sp=0x00007f51582472f8)
0x00007f51582472f8:   00007f515a07ddc7 00000000d8b88c80
0x00007f5158247308:   00007f515a60d119 0000000034b94d00
0x00007f5158247318:   00007f51541be6e0 00007f51582473a0
0x00007f5158247328:   00007f5159de5acf 00000000d8b88e59
0x00007f5158247338:   0000000000000000 00000000ffe01b90
0x00007f5158247348:   00007f513503f730 00007f5154019b70
0x00007f5158247358:   0000000000000141 0000000000000001
0x00007f5158247368:   00000000ffffffff 00007f5158247390
0x00007f5158247378:   00007f515a08073d 00007f51103e2eb0
0x00007f5158247388:   0000000000000141 00007f5158247430
0x00007f5158247398:   00007f515a010c9b 00007f515a611ee0
0x00007f51582473a8:   00007f515a00efc0 00007f5158247b40
0x00007f51582473b8:   00007f5158247520 00007f51582474f0
0x00007f51582473c8:   0000000000000001 00007f51103e2e90
0x00007f51582473d8:   ffff00000000000a 00007f5158247460
0x00007f51582473e8:   00007f515a07dfce 0141000000000000
0x00007f51582473f8:   00007f515a60ffff 00000000000000a8
0x00007f5158247408:   00007f51582474f0 0000000000000001
0x00007f5158247418:   00007f5158247520 00007f5158247b20
0x00007f5158247428:   00007f5158247b40 00007f51582474a0
0x00007f5158247438:   00007f5159d46129 00007f5158247480
0x00007f5158247448:   00007f5159d4706a 00007f514de1ff08
0x00007f5158247458:   00007f51582474c0 00007f5158247520
0x00007f5158247468:   00007f5154019800 00007f5158247b40
0x00007f5158247478:   00007f51582474f0 00007f5158247520
0x00007f5158247488:   00007f5154019800 00007f5158247b40
0x00007f5158247498:   00007f51543c1000 00007f5158247b10
0x00007f51582474a8:   00007f515a14861a 00007f51582474c0
0x00007f51582474b8:   00007f5158247b20 00007f513503f740
0x00007f51582474c8:   00007f514de1ff08 00007f514de1e750
0x00007f51582474d8:   0000000000000000 00007f5134b97340
0x00007f51582474e8:   00007f513503f740 00007f513503f740 

Instructions: (pc=0x00007f515a790e83)
0x00007f515a790e63:   00 00 48 81 ea 80 00 00 00 0f 18 8e 00 02 00 00
0x00007f515a790e73:   0f 18 8e 00 03 00 00 f3 0f 6f 06 f3 0f 6f 4e 10
0x00007f515a790e83:   f3 0f 6f 56 20 f3 0f 6f 5e 30 f3 0f 6f 66 40 f3
0x00007f515a790e93:   0f 6f 6e 50 f3 0f 6f 76 60 f3 0f 6f 7e 70 0f ae 

Register to memory mapping:

RAX=0x0000000084c85d98 is an oop

[error occurred during error reporting (printing register info), id 0xb]

Stack: [0x00007f5158148000,0x00007f5158249000],  sp=0x00007f51582472f8,  free space=1020k
Native frames: (J=compiled Java code, j=interpreted, Vv=VM code, C=native code)
C  [libc.so.6+0x14ee83]  __nss_hosts_lookup+0x1d523
V  [libjvm.so+0x82173d]  PSRootsClosure<false>::do_oop(oopDesc**)+0x3d
V  [libjvm.so+0x7b1c9b]  OopMapSet::all_do(frame const*, RegisterMap const*, OopClosure*, void (*)(oopDesc**, oopDesc**), OopClosure*)+0x2fb
V  [libjvm.so+0x4e7129]  frame::oops_do_internal(OopClosure*, CodeBlobClosure*, RegisterMap*, bool)+0x99
V  [libjvm.so+0x8e961a]  JavaThread::oops_do(OopClosure*, CodeBlobClosure*)+0x15a
V  [libjvm.so+0x821aed]  ThreadRootsTask::do_it(GCTaskManager*, unsigned int)+0x6d
V  [libjvm.so+0x51a01f]  GCTaskThread::run()+0x12f
V  [libjvm.so+0x7c0628]  java_start(Thread*)+0x108

JavaThread 0x00007f51543c1000 (nid = 6009) was being processed
Java frames: (J=compiled Java code, j=interpreted, Vv=VM code)
v  ~RuntimeStub::_new_instance_Java
J  com.google.javascript.jscomp.ReferenceCollectingCallback.visit(Lcom/google/javascript/jscomp/NodeTraversal;Lcom/google/javascript/rhino/Node;Lcom/google/javascript/rhino/Node;)V
J  com.google.javascript.jscomp.NodeTraversal.traverseBranch(Lcom/google/javascript/rhino/Node;Lcom/google/javascript/rhino/Node;)V
J  com.google.javascript.jscomp.NodeTraversal.traverseBranch(Lcom/google/javascript/rhino/Node;Lcom/google/javascript/rhino/Node;)V
J  com.google.javascript.jscomp.NodeTraversal.traverseFunction(Lcom/google/javascript/rhino/Node;Lcom/google/javascript/rhino/Node;)V
J  com.google.javascript.jscomp.NodeTraversal.traverseBranch(Lcom/google/javascript/rhino/Node;Lcom/google/javascript/rhino/Node;)V
J  com.google.javascript.jscomp.NodeTraversal.traverseBranch(Lcom/google/javascript/rhino/Node;Lcom/google/javascript/rhino/Node;)V
J  com.google.javascript.jscomp.NodeTraversal.traverseBranch(Lcom/google/javascript/rhino/Node;Lcom/google/javascript/rhino/Node;)V
J  com.google.javascript.jscomp.NodeTraversal.traverseBranch(Lcom/google/javascript/rhino/Node;Lcom/google/javascript/rhino/Node;)V
J  com.google.javascript.jscomp.NodeTraversal.traverseBranch(Lcom/google/javascript/rhino/Node;Lcom/google/javascript/rhino/Node;)V
j  com.google.javascript.jscomp.NodeTraversal.traverseRoots(Ljava/util/List;)V+108
j  com.google.javascript.jscomp.NodeTraversal.traverseRoots(Lcom/google/javascript/jscomp/AbstractCompiler;Ljava/util/List;Lcom/google/javascript/jscomp/NodeTraversal$Callback;)V+12
j  com.google.javascript.jscomp.ReferenceCollectingCallback.process(Lcom/google/javascript/rhino/Node;Lcom/google/javascript/rhino/Node;)V+20
j  com.google.javascript.jscomp.InlineVariables.process(Lcom/google/javascript/rhino/Node;Lcom/google/javascript/rhino/Node;)V+28
j  com.google.javascript.jscomp.PhaseOptimizer$PassFactoryDelegate.processInternal(Lcom/google/javascript/rhino/Node;Lcom/google/javascript/rhino/Node;)V+13
j  com.google.javascript.jscomp.PhaseOptimizer$NamedPass.process(Lcom/google/javascript/rhino/Node;Lcom/google/javascript/rhino/Node;)V+24
j  com.google.javascript.jscomp.PhaseOptimizer$LoopInternal.process(Lcom/google/javascript/rhino/Node;Lcom/google/javascript/rhino/Node;)V+117
j  com.google.javascript.jscomp.PhaseOptimizer.process(Lcom/google/javascript/rhino/Node;Lcom/google/javascript/rhino/Node;)V+85
j  com.google.javascript.jscomp.Compiler.optimize()V+59
j  com.google.javascript.jscomp.Compiler.compileInternal()V+104
j  com.google.javascript.jscomp.Compiler.access$000(Lcom/google/javascript/jscomp/Compiler;)V+1
j  com.google.javascript.jscomp.Compiler$2.call()Lcom/google/javascript/jscomp/Result;+4
j  com.google.javascript.jscomp.Compiler$2.call()Ljava/lang/Object;+1
j  com.google.javascript.jscomp.Compiler$3.call()Ljava/lang/Object;+25
j  java.util.concurrent.FutureTask.run()V+42
j  java.util.concurrent.ThreadPoolExecutor.runWorker(Ljava/util/concurrent/ThreadPoolExecutor$Worker;)V+46
j  java.util.concurrent.ThreadPoolExecutor$Worker.run()V+5
j  java.lang.Thread.run()V+11
v  ~StubRoutines::call_stub

---------------  P R O C E S S  ---------------

Java Threads: ( => current thread )
  0x00007f51543c1000 JavaThread "jscompiler" [_thread_blocked, id=6009, stack(0x00007f5134e41000,0x00007f5135042000)]
  0x00007f51541fe800 JavaThread "Service Thread" daemon [_thread_blocked, id=6007, stack(0x00007f513539f000,0x00007f51354a0000)]
  0x00007f51541fb800 JavaThread "C1 CompilerThread3" daemon [_thread_blocked, id=6006, stack(0x00007f51354a0000,0x00007f51355a1000)]
  0x00007f51541f8800 JavaThread "C2 CompilerThread2" daemon [_thread_in_native, id=6005, stack(0x00007f51355a1000,0x00007f51356a2000)]
  0x00007f51541f6000 JavaThread "C2 CompilerThread1" daemon [_thread_blocked, id=6004, stack(0x00007f51356a2000,0x00007f51357a3000)]
  0x00007f51541f2800 JavaThread "C2 CompilerThread0" daemon [_thread_in_native, id=6003, stack(0x00007f51357a3000,0x00007f51358a4000)]
  0x00007f51541ef800 JavaThread "Signal Dispatcher" daemon [_thread_blocked, id=6002, stack(0x00007f51358a4000,0x00007f51359a5000)]
  0x00007f51541c9800 JavaThread "Finalizer" daemon [_thread_blocked, id=6001, stack(0x00007f5136088000,0x00007f5136189000)]
  0x00007f51541c4800 JavaThread "Reference Handler" daemon [_thread_blocked, id=6000, stack(0x00007f5136189000,0x00007f513628a000)]
  0x00007f5154009000 JavaThread "main" [_thread_blocked, id=5990, stack(0x00007f515b137000,0x00007f515b238000)]

Other Threads:
  0x00007f51541c1000 VMThread [stack: 0x00007f513628a000,0x00007f513638b000] [id=5999]
  0x00007f515420a000 WatcherThread [stack: 0x00007f513529e000,0x00007f513539f000] [id=6008]

=>0x00007f5154019800 (exited) GCTaskThread [stack: 0x00007f5158148000,0x00007f5158249000] [id=5992]

VM state:at safepoint (normal execution)

VM Mutex/Monitor currently owned by a thread:  ([mutex/lock_event])
[0x00007f51540051b0] Threads_lock - owner thread: 0x00007f51541c1000
[0x00007f51540056b0] Heap_lock - owner thread: 0x00007f51543c1000

Heap
 PSYoungGen      total 36800K, used 36793K [0x00000000d6cb0000, 0x00000000d95c0000, 0x00000000ffe00000)
  eden space 31552K, 100% used [0x00000000d6cb0000,0x00000000d8b80000,0x00000000d8b80000)
  from space 5248K, 99% used [0x00000000d8b80000,0x00000000d909e768,0x00000000d90a0000)
  to   space 5248K, 99% used [0x00000000d90a0000,0x00000000d95b85c8,0x00000000d95c0000)
 ParOldGen       total 947968K, used 868858K [0x0000000084a00000, 0x00000000be7c0000, 0x00000000d6cb0000)
  object space 947968K, 91% used [0x0000000084a00000,0x00000000b9a7ea98,0x00000000be7c0000)
 Metaspace total 11488K, used 11249K, reserved 14336K
  data space     10140K, used 10016K, reserved 12288K
  class space    1348K, used 1232K, reserved 2048K

Card table byte_map: [0x00007f514d625000,0x00007f514da00000] byte_map_base: 0x00007f514d200000

Polling page: 0x00007f515b258000

Code Cache  [0x00007f514da00000, 0x00007f514df70000, 0x00007f5153a00000)
 total_blobs=1736 nmethods=1450 adapters=206 free_code_cache=93027Kb largest_free_block=94986432

Compilation events (10 events):
Event: 1.978 Thread 0x00007f51541fb800 1655   
Event: 1.979 Thread 0x00007f51541fb800 nmethod 1655 0x00007f514dc5b3d0 code [0x00007f514dc5b540, 0x00007f514dc5b798]
Event: 1.979 Thread 0x00007f51541fb800 1634   
Event: 1.979 Thread 0x00007f51541fb800 nmethod 1634 0x00007f514dc5f590 code [0x00007f514dc5f6e0, 0x00007f514dc5f830]
Event: 1.979 Thread 0x00007f51541fb800 1640   
Event: 1.979 Thread 0x00007f51541fb800 nmethod 1640 0x00007f514dda4950 code [0x00007f514dda4ac0, 0x00007f514dda4d48]
Event: 1.979 Thread 0x00007f51541fb800 1631   
Event: 1.979 Thread 0x00007f51541fb800 nmethod 1631 0x00007f514dda4350 code [0x00007f514dda44e0, 0x00007f514dda47a8]
Event: 1.979 Thread 0x00007f51541fb800 1632   
Event: 1.980 Thread 0x00007f51541fb800 nmethod 1632 0x00007f514dda3d50 code [0x00007f514dda3ec0, 0x00007f514dda41b8]

GC Heap History (3 events):
Event: 0.996 GC heap before
{Heap before GC invocations=1 (full 0):
 PSYoungGen      total 36800K, used 31552K [0x00000000d6cb0000, 0x00000000d95c0000, 0x00000000ffe00000)
  eden space 31552K, 100% used [0x00000000d6cb0000,0x00000000d8b80000,0x00000000d8b80000)
  from space 5248K, 0% used [0x00000000d90a0000,0x00000000d90a0000,0x00000000d95c0000)
  to   space 5248K, 0% used [0x00000000d8b80000,0x00000000d8b80000,0x00000000d90a0000)
 ParOldGen       total 84096K, used 0K [0x0000000084a00000, 0x0000000089c20000, 0x00000000d6cb0000)
  object space 84096K, 0% used [0x0000000084a00000,0x0000000084a00000,0x0000000089c20000)
 Metaspace total 8556K, used 8322K, reserved 10240K
  data space     7580K, used 7427K, reserved 8192K
  class space    976K, used 894K, reserved 2048K
Event: 1.004 GC heap after
Heap after GC invocations=1 (full 0):
 PSYoungGen      total 36800K, used 5241K [0x00000000d6cb0000, 0x00000000d95c0000, 0x00000000ffe00000)
  eden space 31552K, 0% used [0x00000000d6cb0000,0x00000000d6cb0000,0x00000000d8b80000)
  from space 5248K, 99% used [0x00000000d8b80000,0x00000000d909e768,0x00000000d90a0000)
  to   space 5248K, 0% used [0x00000000d90a0000,0x00000000d90a0000,0x00000000d95c0000)
 ParOldGen       total 84096K, used 2575K [0x0000000084a00000, 0x0000000089c20000, 0x00000000d6cb0000)
  object space 84096K, 3% used [0x0000000084a00000,0x0000000084c83d98,0x0000000089c20000)
 Metaspace total 8556K, used 8322K, reserved 10240K
  data space     7580K, used 7427K, reserved 8192K
  class space    976K, used 894K, reserved 2048K
}
Event: 1.986 GC heap before
{Heap before GC invocations=2 (full 0):
 PSYoungGen      total 36800K, used 36793K [0x00000000d6cb0000, 0x00000000d95c0000, 0x00000000ffe00000)
  eden space 31552K, 100% used [0x00000000d6cb0000,0x00000000d8b80000,0x00000000d8b80000)
  from space 5248K, 99% used [0x00000000d8b80000,0x00000000d909e768,0x00000000d90a0000)
  to   space 5248K, 0% used [0x00000000d90a0000,0x00000000d90a0000,0x00000000d95c0000)
 ParOldGen       total 84096K, used 2575K [0x0000000084a00000, 0x0000000089c20000, 0x00000000d6cb0000)
  object space 84096K, 3% used [0x0000000084a00000,0x0000000084c83d98,0x0000000089c20000)
 Metaspace total 11488K, used 11249K, reserved 14336K
  data space     10140K, used 10016K, reserved 12288K
  class space    1348K, used 1232K, reserved 2048K

Deoptimization events (10 events):
Event: 1.723 Thread 0x00007f51543c1000 Uncommon trap -34 fr.pc 0x00007f514ded38c4
Event: 1.723 Thread 0x00007f51543c1000 Uncommon trap -34 fr.pc 0x00007f514deeb4d8
Event: 1.723 Thread 0x00007f51543c1000 Uncommon trap -34 fr.pc 0x00007f514deeb4d8
Event: 1.723 Thread 0x00007f51543c1000 Uncommon trap -34 fr.pc 0x00007f514deeb4d8
Event: 1.726 Thread 0x00007f51543c1000 Uncommon trap -34 fr.pc 0x00007f514ded38c4
Event: 1.726 Thread 0x00007f51543c1000 Uncommon trap -34 fr.pc 0x00007f514ded38c4
Event: 1.950 Thread 0x00007f51543c1000 Uncommon trap -34 fr.pc 0x00007f514dc23368
Event: 1.950 Thread 0x00007f51543c1000 Uncommon trap -34 fr.pc 0x00007f514dc2334c
Event: 1.950 Thread 0x00007f51543c1000 Uncommon trap -34 fr.pc 0x00007f514dc23368
Event: 1.950 Thread 0x00007f51543c1000 Uncommon trap -34 fr.pc 0x00007f514dc2334c

Internal exceptions (10 events):
Event: 1.874 Thread 0x00007f51543c1000 Threw 0x00000000d87f5e30 at /HUDSON/workspace/jdk8-2-build-linux-amd64-product/jdk8/hotspot/src/share/vm/prims/jvm.cpp:1168
Event: 1.875 Thread 0x00007f51543c1000 Threw 0x00000000d87f8f58 at /HUDSON/workspace/jdk8-2-build-linux-amd64-product/jdk8/hotspot/src/share/vm/prims/jvm.cpp:1168
Event: 1.876 Thread 0x00007f51543c1000 Threw 0x00000000d88045f8 at /HUDSON/workspace/jdk8-2-build-linux-amd64-product/jdk8/hotspot/src/share/vm/prims/jvm.cpp:1168
Event: 1.878 Thread 0x00007f51543c1000 Threw 0x00000000d880f9a0 at /HUDSON/workspace/jdk8-2-build-linux-amd64-product/jdk8/hotspot/src/share/vm/prims/jvm.cpp:1168
Event: 1.881 Thread 0x00007f51543c1000 Threw 0x00000000d8825858 at /HUDSON/workspace/jdk8-2-build-linux-amd64-product/jdk8/hotspot/src/share/vm/prims/jvm.cpp:1168
Event: 1.882 Thread 0x00007f51543c1000 Threw 0x00000000d882b4e0 at /HUDSON/workspace/jdk8-2-build-linux-amd64-product/jdk8/hotspot/src/share/vm/prims/jvm.cpp:1168
Event: 1.882 Thread 0x00007f51543c1000 Threw 0x00000000d882e600 at /HUDSON/workspace/jdk8-2-build-linux-amd64-product/jdk8/hotspot/src/share/vm/prims/jvm.cpp:1168
Event: 1.883 Thread 0x00007f51543c1000 Threw 0x00000000d8830ce0 at /HUDSON/workspace/jdk8-2-build-linux-amd64-product/jdk8/hotspot/src/share/vm/prims/jvm.cpp:1168
Event: 1.893 Thread 0x00007f51543c1000 Threw 0x00000000d8837070 at /HUDSON/workspace/jdk8-2-build-linux-amd64-product/jdk8/hotspot/src/share/vm/prims/jvm.cpp:1168
Event: 1.893 Thread 0x00007f51543c1000 Threw 0x00000000d883a490 at /HUDSON/workspace/jdk8-2-build-linux-amd64-product/jdk8/hotspot/src/share/vm/prims/jvm.cpp:1168

Events (10 events):
Event: 1.911 Thread 0x00007f51541fb800 flushing nmethod 0x00007f514deb9490
Event: 1.950 Thread 0x00007f51543c1000 DEOPT PACKING pc=0x00007f514dc23368 sp=0x00007f513503eb80
Event: 1.950 Thread 0x00007f51543c1000 DEOPT UNPACKING pc=0x00007f514da39045 sp=0x00007f513503eb90 mode 2
Event: 1.950 Thread 0x00007f51543c1000 DEOPT PACKING pc=0x00007f514dc2334c sp=0x00007f513503e930
Event: 1.950 Thread 0x00007f51543c1000 DEOPT UNPACKING pc=0x00007f514da39045 sp=0x00007f513503e940 mode 2
Event: 1.950 Thread 0x00007f51543c1000 DEOPT PACKING pc=0x00007f514dc23368 sp=0x00007f513503eb80
Event: 1.950 Thread 0x00007f51543c1000 DEOPT UNPACKING pc=0x00007f514da39045 sp=0x00007f513503eb90 mode 2
Event: 1.950 Thread 0x00007f51543c1000 DEOPT PACKING pc=0x00007f514dc2334c sp=0x00007f513503e930
Event: 1.950 Thread 0x00007f51543c1000 DEOPT UNPACKING pc=0x00007f514da39045 sp=0x00007f513503e940 mode 2
Event: 1.986 Executing VM operation: ParallelGCFailedAllocation


Dynamic libraries:
00400000-00401000 r-xp 00000000 08:01 3968636                            /usr/lib/jvm/java-8-oracle/jre/bin/java
00600000-00601000 rw-p 00000000 08:01 3968636                            /usr/lib/jvm/java-8-oracle/jre/bin/java
0187c000-0189d000 rw-p 00000000 00:00 0                                  [heap]
84a00000-be7c0000 rw-p 00000000 00:00 0 
be7c0000-d6cb0000 rw-p 00000000 00:00 0 
d6cb0000-d95c0000 rw-p 00000000 00:00 0 
d95c0000-ffe00000 rw-p 00000000 00:00 0 
ffe00000-fff51000 rw-p 00000000 00:00 0 
fff51000-100000000 rw-p 00000000 00:00 0 
7f50f4000000-7f50f41a2000 rw-p 00000000 00:00 0 
7f50f41a2000-7f50f8000000 ---p 00000000 00:00 0 
7f50fc000000-7f50fc021000 rw-p 00000000 00:00 0 
7f50fc021000-7f5100000000 ---p 00000000 00:00 0 
7f5100000000-7f5100021000 rw-p 00000000 00:00 0 
7f5100021000-7f5104000000 ---p 00000000 00:00 0 
7f5104000000-7f5104d76000 rw-p 00000000 00:00 0 
7f5104d76000-7f5108000000 ---p 00000000 00:00 0 
7f5108000000-7f5108d27000 rw-p 00000000 00:00 0 
7f5108d27000-7f510c000000 ---p 00000000 00:00 0 
7f510c000000-7f510cc66000 rw-p 00000000 00:00 0 
7f510cc66000-7f5110000000 ---p 00000000 00:00 0 
7f5110000000-7f51108cd000 rw-p 00000000 00:00 0 
7f51108cd000-7f5114000000 ---p 00000000 00:00 0 
7f5114000000-7f5114021000 rw-p 00000000 00:00 0 
7f5114021000-7f5118000000 ---p 00000000 00:00 0 
7f5118000000-7f5118021000 rw-p 00000000 00:00 0 
7f5118021000-7f511c000000 ---p 00000000 00:00 0 
7f511c000000-7f511c021000 rw-p 00000000 00:00 0 
7f511c021000-7f5120000000 ---p 00000000 00:00 0 
7f5120000000-7f5120021000 rw-p 00000000 00:00 0 
7f5120021000-7f5124000000 ---p 00000000 00:00 0 
7f5124000000-7f5124021000 rw-p 00000000 00:00 0 
7f5124021000-7f5128000000 ---p 00000000 00:00 0 
7f5128000000-7f512823b000 rw-p 00000000 00:00 0 
7f512823b000-7f512c000000 ---p 00000000 00:00 0 
7f512c000000-7f512c021000 rw-p 00000000 00:00 0 
7f512c021000-7f5130000000 ---p 00000000 00:00 0 
7f5130000000-7f5130021000 rw-p 00000000 00:00 0 
7f5130021000-7f5134000000 ---p 00000000 00:00 0 
7f51348b2000-7f5134943000 rw-p 00000000 00:00 0 
7f5134943000-7f5134ab2000 rw-p 00000000 00:00 0 
7f5134ab2000-7f5134c83000 rw-p 00000000 00:00 0 
7f5134c83000-7f5134cb2000 rw-p 00000000 00:00 0 
7f5134e41000-7f5134e44000 ---p 00000000 00:00 0 
7f5134e44000-7f5135213000 rw-p 00000000 00:00 0                          [stack:6009]
7f5135213000-7f5135242000 rw-p 00000000 00:00 0 
7f5135242000-7f513529e000 r--s 0053a000 00:15 2234600                    /home/seer/Bin/YUI/compiler.jar
7f513529e000-7f513529f000 ---p 00000000 00:00 0 
7f513529f000-7f513539f000 rw-p 00000000 00:00 0                          [stack:6008]
7f513539f000-7f51353a2000 ---p 00000000 00:00 0 
7f51353a2000-7f51354a0000 rw-p 00000000 00:00 0                          [stack:6007]
7f51354a0000-7f51354a3000 ---p 00000000 00:00 0 
7f51354a3000-7f51355a1000 rw-p 00000000 00:00 0                          [stack:6006]
7f51355a1000-7f51355a4000 ---p 00000000 00:00 0 
7f51355a4000-7f51356a2000 rw-p 00000000 00:00 0                          [stack:6005]
7f51356a2000-7f51356a5000 ---p 00000000 00:00 0 
7f51356a5000-7f51357a3000 rw-p 00000000 00:00 0                          [stack:6004]
7f51357a3000-7f51357a6000 ---p 00000000 00:00 0 
7f51357a6000-7f51358a4000 rw-p 00000000 00:00 0                          [stack:6003]
7f51358a4000-7f51358a7000 ---p 00000000 00:00 0 
7f51358a7000-7f51359a5000 rw-p 00000000 00:00 0                          [stack:6002]
7f51359a5000-7f5136088000 r--p 00000000 08:01 2890269                    /usr/lib/locale/locale-archive
7f5136088000-7f513608b000 ---p 00000000 00:00 0 
7f513608b000-7f5136189000 rw-p 00000000 00:00 0                          [stack:6001]
7f5136189000-7f513618c000 ---p 00000000 00:00 0 
7f513618c000-7f513628a000 rw-p 00000000 00:00 0                          [stack:6000]
7f513628a000-7f513628b000 ---p 00000000 00:00 0 
7f513628b000-7f5138000000 rw-p 00000000 00:00 0                          [stack:5999]
7f5138000000-7f5138021000 rw-p 00000000 00:00 0 
7f5138021000-7f513c000000 ---p 00000000 00:00 0 
7f513c05e000-7f5140000000 rw-p 00000000 00:00 0 
7f5140000000-7f5140021000 rw-p 00000000 00:00 0 
7f5140021000-7f5144000000 ---p 00000000 00:00 0 
7f5144000000-7f5144021000 rw-p 00000000 00:00 0 
7f5144021000-7f5148000000 ---p 00000000 00:00 0 
7f5148000000-7f5148021000 rw-p 00000000 00:00 0 
7f5148021000-7f514c000000 ---p 00000000 00:00 0 
7f514c0c1000-7f514cccd000 rw-p 00000000 00:00 0 
7f514cccd000-7f514ce8e000 r--s 03a7f000 08:01 3969280                    /usr/lib/jvm/java-8-oracle/jre/lib/rt.jar
7f514ce8e000-7f514ce8f000 ---p 00000000 00:00 0 
7f514ce8f000-7f514cf8f000 rw-p 00000000 00:00 0                          [stack:5998]
7f514cf8f000-7f514cf90000 ---p 00000000 00:00 0 
7f514cf90000-7f514d090000 rw-p 00000000 00:00 0                          [stack:5997]
7f514d090000-7f514d091000 ---p 00000000 00:00 0 
7f514d091000-7f514d191000 rw-p 00000000 00:00 0                          [stack:5996]
7f514d191000-7f514d192000 ---p 00000000 00:00 0 
7f514d192000-7f514d292000 rw-p 00000000 00:00 0                          [stack:5995]
7f514d292000-7f514d293000 ---p 00000000 00:00 0 
7f514d293000-7f514d562000 rw-p 00000000 00:00 0                          [stack:5994]
7f514d562000-7f514d625000 rw-p 00000000 00:00 0 
7f514d625000-7f514d7f4000 rw-p 00000000 00:00 0 
7f514d7f4000-7f514d8b6000 rw-p 00000000 00:00 0 
7f514d8b6000-7f514d8cb000 rw-p 00000000 00:00 0 
7f514d8cb000-7f514d9ff000 rw-p 00000000 00:00 0 
7f514d9ff000-7f514da00000 rw-p 00000000 00:00 0 
7f514da00000-7f514df70000 rwxp 00000000 00:00 0 
7f514df70000-7f5153a00000 rw-p 00000000 00:00 0 
7f5153a00000-7f5153fc1000 rw-p 00000000 00:00 0 
7f5153fc1000-7f5154452000 rw-p 00000000 00:00 0 
7f5154452000-7f5158000000 ---p 00000000 00:00 0 
7f5158027000-7f5158047000 r--s 002a2000 08:01 3969237                    /usr/lib/jvm/java-8-oracle/jre/lib/ext/cldrdata.jar
7f5158047000-7f5158048000 ---p 00000000 00:00 0 
7f5158048000-7f5158148000 rw-p 00000000 00:00 0                          [stack:5993]
7f5158148000-7f5158149000 ---p 00000000 00:00 0 
7f5158149000-7f5158249000 rw-p 00000000 00:00 0                          [stack:5992]
7f5158249000-7f515824a000 ---p 00000000 00:00 0 
7f515824a000-7f5158360000 rw-p 00000000 00:00 0                          [stack:5991]
7f5158360000-7f51584ca000 rw-p 00000000 00:00 0 
7f51584ca000-7f51584e6000 r-xp 00000000 08:01 3969167                    /usr/lib/jvm/java-8-oracle/jre/lib/amd64/libzip.so
7f51584e6000-7f51586e5000 ---p 0001c000 08:01 3969167                    /usr/lib/jvm/java-8-oracle/jre/lib/amd64/libzip.so
7f51586e5000-7f51586e6000 rw-p 0001b000 08:01 3969167                    /usr/lib/jvm/java-8-oracle/jre/lib/amd64/libzip.so
7f51586e6000-7f51586f2000 r-xp 00000000 08:01 6032975                    /lib/x86_64-linux-gnu/libnss_files-2.15.so
7f51586f2000-7f51588f1000 ---p 0000c000 08:01 6032975                    /lib/x86_64-linux-gnu/libnss_files-2.15.so
7f51588f1000-7f51588f2000 r--p 0000b000 08:01 6032975                    /lib/x86_64-linux-gnu/libnss_files-2.15.so
7f51588f2000-7f51588f3000 rw-p 0000c000 08:01 6032975                    /lib/x86_64-linux-gnu/libnss_files-2.15.so
7f51588f3000-7f51588fd000 r-xp 00000000 08:01 6032963                    /lib/x86_64-linux-gnu/libnss_nis-2.15.so
7f51588fd000-7f5158afd000 ---p 0000a000 08:01 6032963                    /lib/x86_64-linux-gnu/libnss_nis-2.15.so
7f5158afd000-7f5158afe000 r--p 0000a000 08:01 6032963                    /lib/x86_64-linux-gnu/libnss_nis-2.15.so
7f5158afe000-7f5158aff000 rw-p 0000b000 08:01 6032963                    /lib/x86_64-linux-gnu/libnss_nis-2.15.so
7f5158aff000-7f5158b16000 r-xp 00000000 08:01 6034851                    /lib/x86_64-linux-gnu/libnsl-2.15.so
7f5158b16000-7f5158d15000 ---p 00017000 08:01 6034851                    /lib/x86_64-linux-gnu/libnsl-2.15.so
7f5158d15000-7f5158d16000 r--p 00016000 08:01 6034851                    /lib/x86_64-linux-gnu/libnsl-2.15.so
7f5158d16000-7f5158d17000 rw-p 00017000 08:01 6034851                    /lib/x86_64-linux-gnu/libnsl-2.15.so
7f5158d17000-7f5158d19000 rw-p 00000000 00:00 0 
7f5158d19000-7f5158d21000 r-xp 00000000 08:01 6032976                    /lib/x86_64-linux-gnu/libnss_compat-2.15.so
7f5158d21000-7f5158f20000 ---p 00008000 08:01 6032976                    /lib/x86_64-linux-gnu/libnss_compat-2.15.so
7f5158f20000-7f5158f21000 r--p 00007000 08:01 6032976                    /lib/x86_64-linux-gnu/libnss_compat-2.15.so
7f5158f21000-7f5158f22000 rw-p 00008000 08:01 6032976                    /lib/x86_64-linux-gnu/libnss_compat-2.15.so
7f5158f22000-7f5158f4b000 r-xp 00000000 08:01 3969125                    /usr/lib/jvm/java-8-oracle/jre/lib/amd64/libjava.so
7f5158f4b000-7f515914b000 ---p 00029000 08:01 3969125                    /usr/lib/jvm/java-8-oracle/jre/lib/amd64/libjava.so
7f515914b000-7f515914d000 rw-p 00029000 08:01 3969125                    /usr/lib/jvm/java-8-oracle/jre/lib/amd64/libjava.so
7f515914d000-7f515915a000 r-xp 00000000 08:01 3969142                    /usr/lib/jvm/java-8-oracle/jre/lib/amd64/libverify.so
7f515915a000-7f5159359000 ---p 0000d000 08:01 3969142                    /usr/lib/jvm/java-8-oracle/jre/lib/amd64/libverify.so
7f5159359000-7f515935b000 rw-p 0000c000 08:01 3969142                    /usr/lib/jvm/java-8-oracle/jre/lib/amd64/libverify.so
7f515935b000-7f5159362000 r-xp 00000000 08:01 6032959                    /lib/x86_64-linux-gnu/librt-2.15.so
7f5159362000-7f5159561000 ---p 00007000 08:01 6032959                    /lib/x86_64-linux-gnu/librt-2.15.so
7f5159561000-7f5159562000 r--p 00006000 08:01 6032959                    /lib/x86_64-linux-gnu/librt-2.15.so
7f5159562000-7f5159563000 rw-p 00007000 08:01 6032959                    /lib/x86_64-linux-gnu/librt-2.15.so
7f5159563000-7f515965e000 r-xp 00000000 08:01 6032972                    /lib/x86_64-linux-gnu/libm-2.15.so
7f515965e000-7f515985d000 ---p 000fb000 08:01 6032972                    /lib/x86_64-linux-gnu/libm-2.15.so
7f515985d000-7f515985e000 r--p 000fa000 08:01 6032972                    /lib/x86_64-linux-gnu/libm-2.15.so
7f515985e000-7f515985f000 rw-p 000fb000 08:01 6032972                    /lib/x86_64-linux-gnu/libm-2.15.so
7f515985f000-7f515a352000 r-xp 00000000 08:01 3969157                    /usr/lib/jvm/java-8-oracle/jre/lib/amd64/server/libjvm.so
7f515a352000-7f515a551000 ---p 00af3000 08:01 3969157                    /usr/lib/jvm/java-8-oracle/jre/lib/amd64/server/libjvm.so
7f515a551000-7f515a605000 rw-p 00af2000 08:01 3969157                    /usr/lib/jvm/java-8-oracle/jre/lib/amd64/server/libjvm.so
7f515a605000-7f515a642000 rw-p 00000000 00:00 0 
7f515a642000-7f515a7f7000 r-xp 00000000 08:01 6032951                    /lib/x86_64-linux-gnu/libc-2.15.so
7f515a7f7000-7f515a9f6000 ---p 001b5000 08:01 6032951                    /lib/x86_64-linux-gnu/libc-2.15.so
7f515a9f6000-7f515a9fa000 r--p 001b4000 08:01 6032951                    /lib/x86_64-linux-gnu/libc-2.15.so
7f515a9fa000-7f515a9fc000 rw-p 001b8000 08:01 6032951                    /lib/x86_64-linux-gnu/libc-2.15.so
7f515a9fc000-7f515aa01000 rw-p 00000000 00:00 0 
7f515aa01000-7f515aa03000 r-xp 00000000 08:01 6030220                    /lib/x86_64-linux-gnu/libdl-2.15.so
7f515aa03000-7f515ac03000 ---p 00002000 08:01 6030220                    /lib/x86_64-linux-gnu/libdl-2.15.so
7f515ac03000-7f515ac04000 r--p 00002000 08:01 6030220                    /lib/x86_64-linux-gnu/libdl-2.15.so
7f515ac04000-7f515ac05000 rw-p 00003000 08:01 6030220                    /lib/x86_64-linux-gnu/libdl-2.15.so
7f515ac05000-7f515ac1c000 r-xp 00000000 08:01 3969179                    /usr/lib/jvm/java-8-oracle/jre/lib/amd64/jli/libjli.so
7f515ac1c000-7f515ae1b000 ---p 00017000 08:01 3969179                    /usr/lib/jvm/java-8-oracle/jre/lib/amd64/jli/libjli.so
7f515ae1b000-7f515ae1c000 rw-p 00016000 08:01 3969179                    /usr/lib/jvm/java-8-oracle/jre/lib/amd64/jli/libjli.so
7f515ae1c000-7f515ae34000 r-xp 00000000 08:01 6032956                    /lib/x86_64-linux-gnu/libpthread-2.15.so
7f515ae34000-7f515b033000 ---p 00018000 08:01 6032956                    /lib/x86_64-linux-gnu/libpthread-2.15.so
7f515b033000-7f515b034000 r--p 00017000 08:01 6032956                    /lib/x86_64-linux-gnu/libpthread-2.15.so
7f515b034000-7f515b035000 rw-p 00018000 08:01 6032956                    /lib/x86_64-linux-gnu/libpthread-2.15.so
7f515b035000-7f515b039000 rw-p 00000000 00:00 0 
7f515b039000-7f515b05b000 r-xp 00000000 08:01 6034830                    /lib/x86_64-linux-gnu/ld-2.15.so
7f515b06b000-7f515b137000 rw-p 00000000 00:00 0 
7f515b137000-7f515b13a000 ---p 00000000 00:00 0 
7f515b13a000-7f515b23c000 rw-p 00000000 00:00 0                          [stack:5990]
7f515b24a000-7f515b24c000 rw-p 00000000 00:00 0 
7f515b24c000-7f515b24f000 r--s 000f7000 08:01 3969238                    /usr/lib/jvm/java-8-oracle/jre/lib/ext/localedata.jar
7f515b24f000-7f515b257000 rw-s 00000000 08:01 5636131                    /tmp/hsperfdata_seer/5989
7f515b257000-7f515b258000 rw-p 00000000 00:00 0 
7f515b258000-7f515b259000 ---p 00000000 00:00 0 
7f515b259000-7f515b25b000 rw-p 00000000 00:00 0 
7f515b25b000-7f515b25c000 r--p 00022000 08:01 6034830                    /lib/x86_64-linux-gnu/ld-2.15.so
7f515b25c000-7f515b25e000 rw-p 00023000 08:01 6034830                    /lib/x86_64-linux-gnu/ld-2.15.so
7fff1e3b3000-7fff1e3d4000 rw-p 00000000 00:00 0                          [stack]
7fff1e3ff000-7fff1e400000 r-xp 00000000 00:00 0                          [vdso]
ffffffffff600000-ffffffffff601000 r-xp 00000000 00:00 0                  [vsyscall]

VM Arguments:
java_command: /home/seer/Bin/YUI/compiler.jar --js modernizr.js --js_output_file modernizr.min.js
Launcher Type: SUN_STANDARD

Environment Variables:
PATH=/usr/lib/lightdm/lightdm:/usr/local/sbin:/usr/local/bin:/usr/sbin:/usr/bin:/sbin:/bin:/usr/games:/usr/local/games:/home/seer/bin
SHELL=/bin/bash
DISPLAY=:0

Signal Handlers:
SIGSEGV: [libjvm.so+0x938030], sa_mask[0]=0x7ffbfeff, sa_flags=0x10000004
SIGBUS: [libjvm.so+0x938030], sa_mask[0]=0x7ffbfeff, sa_flags=0x10000004
SIGFPE: [libjvm.so+0x7bbe10], sa_mask[0]=0x7ffbfeff, sa_flags=0x10000004
SIGPIPE: [libjvm.so+0x7bbe10], sa_mask[0]=0x7ffbfeff, sa_flags=0x10000004
SIGXFSZ: [libjvm.so+0x7bbe10], sa_mask[0]=0x7ffbfeff, sa_flags=0x10000004
SIGILL: [libjvm.so+0x7bbe10], sa_mask[0]=0x7ffbfeff, sa_flags=0x10000004
SIGUSR1: SIG_DFL, sa_mask[0]=0x00000000, sa_flags=0x00000000
SIGUSR2: [libjvm.so+0x7bb760], sa_mask[0]=0x00000000, sa_flags=0x10000004
SIGHUP: [libjvm.so+0x7be230], sa_mask[0]=0x7ffbfeff, sa_flags=0x10000004
SIGINT: [libjvm.so+0x7be230], sa_mask[0]=0x7ffbfeff, sa_flags=0x10000004
SIGTERM: [libjvm.so+0x7be230], sa_mask[0]=0x7ffbfeff, sa_flags=0x10000004
SIGQUIT: [libjvm.so+0x7be230], sa_mask[0]=0x7ffbfeff, sa_flags=0x10000004


---------------  S Y S T E M  ---------------

OS:wheezy/sid

uname:Linux 3.5.0-17-generic #28-Ubuntu SMP Tue Oct 9 19:31:23 UTC 2012 x86_64
libc:glibc 2.15 NPTL 2.15 
rlimit: STACK 8192k, CORE 0k, NPROC 62869, NOFILE 4096, AS infinity
load average:1.37 0.77 0.39

/proc/meminfo:
MemTotal:        8072260 kB
MemFree:         5310184 kB
Buffers:           84088 kB
Cached:          1455312 kB
SwapCached:            0 kB
Active:          1467348 kB
Inactive:         994064 kB
Active(anon):     999432 kB
Inactive(anon):   411212 kB
Active(file):     467916 kB
Inactive(file):   582852 kB
Unevictable:       31344 kB
Mlocked:           31348 kB
SwapTotal:       8281084 kB
SwapFree:        8281084 kB
Dirty:               864 kB
Writeback:             0 kB
AnonPages:        954112 kB
Mapped:           196332 kB
Shmem:            482480 kB
Slab:             131232 kB
SReclaimable:      77360 kB
SUnreclaim:        53872 kB
KernelStack:        4296 kB
PageTables:        37444 kB
NFS_Unstable:          0 kB
Bounce:                0 kB
WritebackTmp:          0 kB
CommitLimit:    12317212 kB
Committed_AS:    5602616 kB
VmallocTotal:   34359738367 kB
VmallocUsed:      373164 kB
VmallocChunk:   34359354564 kB
HardwareCorrupted:     0 kB
AnonHugePages:         0 kB
HugePages_Total:       0
HugePages_Free:        0
HugePages_Rsvd:        0
HugePages_Surp:        0
Hugepagesize:       2048 kB
DirectMap4k:       77824 kB
DirectMap2M:     7170048 kB


CPU:total 8 (4 cores per cpu, 2 threads per core) family 6 model 58 stepping 9, cmov, cx8, fxsr, mmx, sse, sse2, sse3, ssse3, sse4.1, sse4.2, popcnt, avx, ht, tsc, tscinvbit, tscinv

/proc/cpuinfo:
processor	: 0
vendor_id	: GenuineIntel
cpu family	: 6
model		: 58
model name	: Intel(R) Core(TM) i7-3610QM CPU @ 2.30GHz
stepping	: 9
microcode	: 0x12
cpu MHz		: 1600.000
cache size	: 6144 KB
physical id	: 0
siblings	: 8
core id		: 0
cpu cores	: 4
apicid		: 0
initial apicid	: 0
fpu		: yes
fpu_exception	: yes
cpuid level	: 13
wp		: yes
flags		: fpu vme de pse tsc msr pae mce cx8 apic sep mtrr pge mca cmov pat pse36 clflush dts acpi mmx fxsr sse sse2 ss ht tm pbe syscall nx rdtscp lm constant_tsc arch_perfmon pebs bts rep_good nopl xtopology nonstop_tsc aperfmperf pni pclmulqdq dtes64 monitor ds_cpl vmx est tm2 ssse3 cx16 xtpr pdcm pcid sse4_1 sse4_2 x2apic popcnt tsc_deadline_timer aes xsave avx f16c rdrand lahf_lm ida arat epb xsaveopt pln pts dtherm tpr_shadow vnmi flexpriority ept vpid fsgsbase smep erms
bogomips	: 4589.61
clflush size	: 64
cache_alignment	: 64
address sizes	: 36 bits physical, 48 bits virtual
power management:

processor	: 1
vendor_id	: GenuineIntel
cpu family	: 6
model		: 58
model name	: Intel(R) Core(TM) i7-3610QM CPU @ 2.30GHz
stepping	: 9
microcode	: 0x12
cpu MHz		: 1600.000
cache size	: 6144 KB
physical id	: 0
siblings	: 8
core id		: 1
cpu cores	: 4
apicid		: 2
initial apicid	: 2
fpu		: yes
fpu_exception	: yes
cpuid level	: 13
wp		: yes
flags		: fpu vme de pse tsc msr pae mce cx8 apic sep mtrr pge mca cmov pat pse36 clflush dts acpi mmx fxsr sse sse2 ss ht tm pbe syscall nx rdtscp lm constant_tsc arch_perfmon pebs bts rep_good nopl xtopology nonstop_tsc aperfmperf pni pclmulqdq dtes64 monitor ds_cpl vmx est tm2 ssse3 cx16 xtpr pdcm pcid sse4_1 sse4_2 x2apic popcnt tsc_deadline_timer aes xsave avx f16c rdrand lahf_lm ida arat epb xsaveopt pln pts dtherm tpr_shadow vnmi flexpriority ept vpid fsgsbase smep erms
bogomips	: 4589.61
clflush size	: 64
cache_alignment	: 64
address sizes	: 36 bits physical, 48 bits virtual
power management:

processor	: 2
vendor_id	: GenuineIntel
cpu family	: 6
model		: 58
model name	: Intel(R) Core(TM) i7-3610QM CPU @ 2.30GHz
stepping	: 9
microcode	: 0x12
cpu MHz		: 1600.000
cache size	: 6144 KB
physical id	: 0
siblings	: 8
core id		: 2
cpu cores	: 4
apicid		: 4
initial apicid	: 4
fpu		: yes
fpu_exception	: yes
cpuid level	: 13
wp		: yes
flags		: fpu vme de pse tsc msr pae mce cx8 apic sep mtrr pge mca cmov pat pse36 clflush dts acpi mmx fxsr sse sse2 ss ht tm pbe syscall nx rdtscp lm constant_tsc arch_perfmon pebs bts rep_good nopl xtopology nonstop_tsc aperfmperf pni pclmulqdq dtes64 monitor ds_cpl vmx est tm2 ssse3 cx16 xtpr pdcm pcid sse4_1 sse4_2 x2apic popcnt tsc_deadline_timer aes xsave avx f16c rdrand lahf_lm ida arat epb xsaveopt pln pts dtherm tpr_shadow vnmi flexpriority ept vpid fsgsbase smep erms
bogomips	: 4589.61
clflush size	: 64
cache_alignment	: 64
address sizes	: 36 bits physical, 48 bits virtual
power management:

processor	: 3
vendor_id	: GenuineIntel
cpu family	: 6
model		: 58
model name	: Intel(R) Core(TM) i7-3610QM CPU @ 2.30GHz
stepping	: 9
microcode	: 0x12
cpu MHz		: 1600.000
cache size	: 6144 KB
physical id	: 0
siblings	: 8
core id		: 3
cpu cores	: 4
apicid		: 6
initial apicid	: 6
fpu		: yes
fpu_exception	: yes
cpuid level	: 13
wp		: yes
flags		: fpu vme de pse tsc msr pae mce cx8 apic sep mtrr pge mca cmov pat pse36 clflush dts acpi mmx fxsr sse sse2 ss ht tm pbe syscall nx rdtscp lm constant_tsc arch_perfmon pebs bts rep_good nopl xtopology nonstop_tsc aperfmperf pni pclmulqdq dtes64 monitor ds_cpl vmx est tm2 ssse3 cx16 xtpr pdcm pcid sse4_1 sse4_2 x2apic popcnt tsc_deadline_timer aes xsave avx f16c rdrand lahf_lm ida arat epb xsaveopt pln pts dtherm tpr_shadow vnmi flexpriority ept vpid fsgsbase smep erms
bogomips	: 4589.61
clflush size	: 64
cache_alignment	: 64
address sizes	: 36 bits physical, 48 bits virtual
power management:

processor	: 4
vendor_id	: GenuineIntel
cpu family	: 6
model		: 58
model name	: Intel(R) Core(TM) i7-3610QM CPU @ 2.30GHz
stepping	: 9
microcode	: 0x12
cpu MHz		: 1600.000
cache size	: 6144 KB
physical id	: 0
siblings	: 8
core id		: 0
cpu cores	: 4
apicid		: 1
initial apicid	: 1
fpu		: yes
fpu_exception	: yes
cpuid level	: 13
wp		: yes
flags		: fpu vme de pse tsc msr pae mce cx8 apic sep mtrr pge mca cmov pat pse36 clflush dts acpi mmx fxsr sse sse2 ss ht tm pbe syscall nx rdtscp lm constant_tsc arch_perfmon pebs bts rep_good nopl xtopology nonstop_tsc aperfmperf pni pclmulqdq dtes64 monitor ds_cpl vmx est tm2 ssse3 cx16 xtpr pdcm pcid sse4_1 sse4_2 x2apic popcnt tsc_deadline_timer aes xsave avx f16c rdrand lahf_lm ida arat epb xsaveopt pln pts dtherm tpr_shadow vnmi flexpriority ept vpid fsgsbase smep erms
bogomips	: 4589.61
clflush size	: 64
cache_alignment	: 64
address sizes	: 36 bits physical, 48 bits virtual
power management:

processor	: 5
vendor_id	: GenuineIntel
cpu family	: 6
model		: 58
model name	: Intel(R) Core(TM) i7-3610QM CPU @ 2.30GHz
stepping	: 9
microcode	: 0x12
cpu MHz		: 1600.000
cache size	: 6144 KB
physical id	: 0
siblings	: 8
core id		: 1
cpu cores	: 4
apicid		: 3
initial apicid	: 3
fpu		: yes
fpu_exception	: yes
cpuid level	: 13
wp		: yes
flags		: fpu vme de pse tsc msr pae mce cx8 apic sep mtrr pge mca cmov pat pse36 clflush dts acpi mmx fxsr sse sse2 ss ht tm pbe syscall nx rdtscp lm constant_tsc arch_perfmon pebs bts rep_good nopl xtopology nonstop_tsc aperfmperf pni pclmulqdq dtes64 monitor ds_cpl vmx est tm2 ssse3 cx16 xtpr pdcm pcid sse4_1 sse4_2 x2apic popcnt tsc_deadline_timer aes xsave avx f16c rdrand lahf_lm ida arat epb xsaveopt pln pts dtherm tpr_shadow vnmi flexpriority ept vpid fsgsbase smep erms
bogomips	: 4589.61
clflush size	: 64
cache_alignment	: 64
address sizes	: 36 bits physical, 48 bits virtual
power management:

processor	: 6
vendor_id	: GenuineIntel
cpu family	: 6
model		: 58
model name	: Intel(R) Core(TM) i7-3610QM CPU @ 2.30GHz
stepping	: 9
microcode	: 0x12
cpu MHz		: 1600.000
cache size	: 6144 KB
physical id	: 0
siblings	: 8
core id		: 2
cpu cores	: 4
apicid		: 5
initial apicid	: 5
fpu		: yes
fpu_exception	: yes
cpuid level	: 13
wp		: yes
flags		: fpu vme de pse tsc msr pae mce cx8 apic sep mtrr pge mca cmov pat pse36 clflush dts acpi mmx fxsr sse sse2 ss ht tm pbe syscall nx rdtscp lm constant_tsc arch_perfmon pebs bts rep_good nopl xtopology nonstop_tsc aperfmperf pni pclmulqdq dtes64 monitor ds_cpl vmx est tm2 ssse3 cx16 xtpr pdcm pcid sse4_1 sse4_2 x2apic popcnt tsc_deadline_timer aes xsave avx f16c rdrand lahf_lm ida arat epb xsaveopt pln pts dtherm tpr_shadow vnmi flexpriority ept vpid fsgsbase smep erms
bogomips	: 4589.61
clflush size	: 64
cache_alignment	: 64
address sizes	: 36 bits physical, 48 bits virtual
power management:

processor	: 7
vendor_id	: GenuineIntel
cpu family	: 6
model		: 58
model name	: Intel(R) Core(TM) i7-3610QM CPU @ 2.30GHz
stepping	: 9
microcode	: 0x12
cpu MHz		: 1600.000
cache size	: 6144 KB
physical id	: 0
siblings	: 8
core id		: 3
cpu cores	: 4
apicid		: 7
initial apicid	: 7
fpu		: yes
fpu_exception	: yes
cpuid level	: 13
wp		: yes
flags		: fpu vme de pse tsc msr pae mce cx8 apic sep mtrr pge mca cmov pat pse36 clflush dts acpi mmx fxsr sse sse2 ss ht tm pbe syscall nx rdtscp lm constant_tsc arch_perfmon pebs bts rep_good nopl xtopology nonstop_tsc aperfmperf pni pclmulqdq dtes64 monitor ds_cpl vmx est tm2 ssse3 cx16 xtpr pdcm pcid sse4_1 sse4_2 x2apic popcnt tsc_deadline_timer aes xsave avx f16c rdrand lahf_lm ida arat epb xsaveopt pln pts dtherm tpr_shadow vnmi flexpriority ept vpid fsgsbase smep erms
bogomips	: 4589.61
clflush size	: 64
cache_alignment	: 64
address sizes	: 36 bits physical, 48 bits virtual
power management:



Memory: 4k page, physical 8072260k(5310184k free), swap 8281084k(8281084k free)

vm_info: Java HotSpot(TM) 64-Bit Server VM (25.0-b02) for linux-amd64 JRE (1.8.0-ea-b59), built on Oct  3 2012 06:32:16 by "java_re" with gcc 4.3.0 20080428 (Red Hat 4.3.0-8)

time: Thu Oct 25 22:19:19 2012
elapsed time: 2 seconds

