#
# A fatal error has been detected by the Java Runtime Environment:
#
#  SIGSEGV (0xb) at pc=0x00007fba47312e97, pid=30364, tid=140437809510144
#
# JRE version: Java(TM) SE Runtime Environment (8.0-b59)
# Java VM: Java HotSpot(TM) 64-Bit Server VM (25.0-b02 mixed mode linux-amd64 compressed oops)
# Problematic frame:
# C  [libc.so.6+0x14ee97]  __nss_hosts_lookup+0x1d537
#
# Failed to write core dump. Core dumps have been disabled. To enable core dumping, try "ulimit -c unlimited" before starting Java again
#
# If you would like to submit a bug report, please visit:
#   http://bugreport.sun.com/bugreport/crash.jsp
#

---------------  T H R E A D  ---------------

Current thread (0x00007fba40025800):  GCTaskThread [stack: 0x00007fba39afb000,0x00007fba39bfc000] [id=30372]

siginfo:si_signo=SIGSEGV: si_errno=0, si_code=2 (SEGV_ACCERR), si_addr=0x00007fba21a4d000

Registers:
RAX=0x0000000084c630b8, RBX=0x0000000084c630b8, RCX=0x0000000000000000, RDX=0x0000000021815628
RSP=0x00007fba39bfa3f8, RBP=0x00007fba39bfa470, RSI=0x00007fba21a4cf98, RDI=0x0000000084d7d9d0
R8 =0x0000000084c630b8, R9 =0x0000000000300000, R10=0x00000000a65930f8, R11=0x00007fba4725008d
R12=0x00007fba21932680, R13=0x00007fba47154f50, R14=0x0000000000000001, R15=0x0000000004326008
RIP=0x00007fba47312e97, EFLAGS=0x0000000000010206, CSGSFS=0x0000000000000033, ERR=0x0000000000000004
  TRAPNO=0x000000000000000e

Top of Stack: (sp=0x00007fba39bfa3f8)
0x00007fba39bfa3f8:   00007fba46bffdc7 0000000000000000
0x00007fba39bfa408:   00007fba4718f119 0000000021930040
0x00007fba39bfa418:   00007fba401bed20 0000000000000000
0x00007fba39bfa428:   0000000000000000 0000000000000000
0x00007fba39bfa438:   0000000000000000 0000000000000000
0x00007fba39bfa448:   00007fba21c4bd10 00007fba40026000
0x00007fba39bfa458:   0000000000001901 0000000000000009
0x00007fba39bfa468:   00000000ffffffff 00007fba39bfa490
0x00007fba39bfa478:   00007fba46c0273d 0000000000001764
0x00007fba39bfa488:   0000000000001901 00007fba39bfa530
0x00007fba39bfa498:   00007fba46b92c9b 00007fba47193ee0
0x00007fba39bfa4a8:   00007fba46b90fc0 00007fba39bfac40
0x00007fba39bfa4b8:   00007fba39bfa620 00007fba39bfa5f0
0x00007fba39bfa4c8:   00007fba46bffe48 00007fb9e48769c0
0x00007fba39bfa4d8:   ffff7fba0000000b 0000000000000070
0x00007fba39bfa4e8:   00007fba401bed20 1901000000000000
0x00007fba39bfa4f8:   000000000000ffff 00000000d90b8000
0x00007fba39bfa508:   00007fba39bfa5f0 0000000000000001
0x00007fba39bfa518:   00007fba39bfa620 00007fba39bfac20
0x00007fba39bfa528:   00007fba39bfac40 00007fba39bfa5a0
0x00007fba39bfa538:   00007fba468c8129 00007fba39bfa580
0x00007fba39bfa548:   00007fba468c906a 00007fba3a2eb734
0x00007fba39bfa558:   00007fba39bfa5c0 00007fba39bfa620
0x00007fba39bfa568:   00007fba40025800 00007fba39bfac40
0x00007fba39bfa578:   00007fba39bfa5f0 00007fba39bfa620
0x00007fba39bfa588:   00007fba40025800 00007fba39bfac40
0x00007fba39bfa598:   00007fba40390800 00007fba39bfac10
0x00007fba39bfa5a8:   00007fba46cca61a 00007fba39bfa5c0
0x00007fba39bfa5b8:   00007fba39bfac20 00007fba21c4bcd0
0x00007fba39bfa5c8:   00007fba3a2eb734 00007fba3a2ea0d0
0x00007fba39bfa5d8:   0000000000000000 00000000d8a50948
0x00007fba39bfa5e8:   00007fba21c4bcd0 00007fba21c4bcd0 

Instructions: (pc=0x00007fba47312e97)
0x00007fba47312e77:   03 00 00 f3 0f 6f 06 f3 0f 6f 4e 10 f3 0f 6f 56
0x00007fba47312e87:   20 f3 0f 6f 5e 30 f3 0f 6f 66 40 f3 0f 6f 6e 50
0x00007fba47312e97:   f3 0f 6f 76 60 f3 0f 6f 7e 70 0f ae e8 66 0f e7
0x00007fba47312ea7:   07 66 0f e7 4f 10 66 0f e7 57 20 66 0f e7 5f 30 

Register to memory mapping:

RAX=0x0000000084c630b8 is an oop

[error occurred during error reporting (printing register info), id 0xb]

Stack: [0x00007fba39afb000,0x00007fba39bfc000],  sp=0x00007fba39bfa3f8,  free space=1020k
Native frames: (J=compiled Java code, j=interpreted, Vv=VM code, C=native code)
C  [libc.so.6+0x14ee97]  __nss_hosts_lookup+0x1d537
V  [libjvm.so+0x82173d]  PSRootsClosure<false>::do_oop(oopDesc**)+0x3d
V  [libjvm.so+0x7b1c9b]  OopMapSet::all_do(frame const*, RegisterMap const*, OopClosure*, void (*)(oopDesc**, oopDesc**), OopClosure*)+0x2fb
V  [libjvm.so+0x4e7129]  frame::oops_do_internal(OopClosure*, CodeBlobClosure*, RegisterMap*, bool)+0x99
V  [libjvm.so+0x8e961a]  JavaThread::oops_do(OopClosure*, CodeBlobClosure*)+0x15a
V  [libjvm.so+0x821aed]  ThreadRootsTask::do_it(GCTaskManager*, unsigned int)+0x6d
V  [libjvm.so+0x51a01f]  GCTaskThread::run()+0x12f
V  [libjvm.so+0x7c0628]  java_start(Thread*)+0x108

JavaThread 0x00007fba40390800 (nid = 30384) was being processed
Java frames: (J=compiled Java code, j=interpreted, Vv=VM code)
v  ~RuntimeStub::_new_array_Java
J  com.google.javascript.jscomp.ReferenceCollectingCallback.visit(Lcom/google/javascript/jscomp/NodeTraversal;Lcom/google/javascript/rhino/Node;Lcom/google/javascript/rhino/Node;)V
J  com.google.javascript.jscomp.NodeTraversal.traverseBranch(Lcom/google/javascript/rhino/Node;Lcom/google/javascript/rhino/Node;)V
J  com.google.javascript.jscomp.NodeTraversal.traverseBranch(Lcom/google/javascript/rhino/Node;Lcom/google/javascript/rhino/Node;)V
J  com.google.javascript.jscomp.NodeTraversal.traverseBranch(Lcom/google/javascript/rhino/Node;Lcom/google/javascript/rhino/Node;)V
J  com.google.javascript.jscomp.NodeTraversal.traverseBranch(Lcom/google/javascript/rhino/Node;Lcom/google/javascript/rhino/Node;)V
j  com.google.javascript.jscomp.NodeTraversal.traverseRoots(Ljava/util/List;)V+108
j  com.google.javascript.jscomp.NodeTraversal.traverseRoots(Lcom/google/javascript/jscomp/AbstractCompiler;Ljava/util/List;Lcom/google/javascript/jscomp/NodeTraversal$Callback;)V+12
j  com.google.javascript.jscomp.ReferenceCollectingCallback.process(Lcom/google/javascript/rhino/Node;Lcom/google/javascript/rhino/Node;)V+20
j  com.google.javascript.jscomp.InlineVariables.process(Lcom/google/javascript/rhino/Node;Lcom/google/javascript/rhino/Node;)V+28
j  com.google.javascript.jscomp.PhaseOptimizer$PassFactoryDelegate.processInternal(Lcom/google/javascript/rhino/Node;Lcom/google/javascript/rhino/Node;)V+13
j  com.google.javascript.jscomp.PhaseOptimizer$NamedPass.process(Lcom/google/javascript/rhino/Node;Lcom/google/javascript/rhino/Node;)V+24
j  com.google.javascript.jscomp.PhaseOptimizer$LoopInternal.process(Lcom/google/javascript/rhino/Node;Lcom/google/javascript/rhino/Node;)V+117
j  com.google.javascript.jscomp.PhaseOptimizer.process(Lcom/google/javascript/rhino/Node;Lcom/google/javascript/rhino/Node;)V+85
j  com.google.javascript.jscomp.Compiler.optimize()V+59
j  com.google.javascript.jscomp.Compiler.compileInternal()V+104
j  com.google.javascript.jscomp.Compiler.access$000(Lcom/google/javascript/jscomp/Compiler;)V+1
j  com.google.javascript.jscomp.Compiler$2.call()Lcom/google/javascript/jscomp/Result;+4
j  com.google.javascript.jscomp.Compiler$2.call()Ljava/lang/Object;+1
j  com.google.javascript.jscomp.Compiler$3.call()Ljava/lang/Object;+25
j  java.util.concurrent.FutureTask.run()V+42
j  java.util.concurrent.ThreadPoolExecutor.runWorker(Ljava/util/concurrent/ThreadPoolExecutor$Worker;)V+46
j  java.util.concurrent.ThreadPoolExecutor$Worker.run()V+5
j  java.lang.Thread.run()V+11
v  ~StubRoutines::call_stub

---------------  P R O C E S S  ---------------

Java Threads: ( => current thread )
  0x00007fba40390800 JavaThread "jscompiler" [_thread_blocked, id=30384, stack(0x00007fba21a4d000,0x00007fba21c4e000)]
  0x00007fba401fe800 JavaThread "Service Thread" daemon [_thread_blocked, id=30382, stack(0x00007fba21fab000,0x00007fba220ac000)]
  0x00007fba401fb800 JavaThread "C1 CompilerThread3" daemon [_thread_blocked, id=30381, stack(0x00007fba220ac000,0x00007fba221ad000)]
  0x00007fba401f8800 JavaThread "C2 CompilerThread2" daemon [_thread_blocked, id=30380, stack(0x00007fba221ad000,0x00007fba222ae000)]
  0x00007fba401f6000 JavaThread "C2 CompilerThread1" daemon [_thread_blocked, id=30379, stack(0x00007fba222ae000,0x00007fba223af000)]
  0x00007fba401f2800 JavaThread "C2 CompilerThread0" daemon [_thread_in_native, id=30378, stack(0x00007fba223af000,0x00007fba224b0000)]
  0x00007fba401ef800 JavaThread "Signal Dispatcher" daemon [_thread_blocked, id=30377, stack(0x00007fba224b0000,0x00007fba225b1000)]
  0x00007fba401c9800 JavaThread "Finalizer" daemon [_thread_blocked, id=30376, stack(0x00007fba22c94000,0x00007fba22d95000)]
  0x00007fba401c4800 JavaThread "Reference Handler" daemon [_thread_blocked, id=30375, stack(0x00007fba22d95000,0x00007fba22e96000)]
  0x00007fba40009000 JavaThread "main" [_thread_blocked, id=30365, stack(0x00007fba47cb9000,0x00007fba47dba000)]

Other Threads:
  0x00007fba401c1000 VMThread [stack: 0x00007fba22e96000,0x00007fba22f97000] [id=30374]
  0x00007fba4020a000 WatcherThread [stack: 0x00007fba21eaa000,0x00007fba21fab000] [id=30383]

=>0x00007fba40025800 (exited) GCTaskThread [stack: 0x00007fba39afb000,0x00007fba39bfc000] [id=30372]

VM state:at safepoint (normal execution)

VM Mutex/Monitor currently owned by a thread:  ([mutex/lock_event])
[0x00007fba400051b0] Threads_lock - owner thread: 0x00007fba401c1000
[0x00007fba400056b0] Heap_lock - owner thread: 0x00007fba40390800

Heap
 PSYoungGen      total 36800K, used 36794K [0x00000000d6cb0000, 0x00000000d95c0000, 0x00000000ffe00000)
  eden space 31552K, 100% used [0x00000000d6cb0000,0x00000000d8b80000,0x00000000d8b80000)
  from space 5248K, 99% used [0x00000000d8b80000,0x00000000d909e868,0x00000000d90a0000)
  to   space 5248K, 99% used [0x00000000d90a0000,0x00000000d95bc5e0,0x00000000d95c0000)
 ParOldGen       total 634240K, used 555740K [0x0000000084a00000, 0x00000000ab560000, 0x00000000d6cb0000)
  object space 634240K, 87% used [0x0000000084a00000,0x00000000a68b7128,0x00000000ab560000)
 Metaspace total 11488K, used 11234K, reserved 14336K
  data space     10140K, used 10000K, reserved 12288K
  class space    1348K, used 1233K, reserved 2048K

Card table byte_map: [0x00007fba444f1000,0x00007fba448cc000] byte_map_base: 0x00007fba440cc000

Polling page: 0x00007fba47dda000

Code Cache  [0x00007fba3a000000, 0x00007fba3a4f0000, 0x00007fba40000000)
 total_blobs=1729 nmethods=1443 adapters=206 free_code_cache=93298Kb largest_free_block=95506944

Compilation events (10 events):
Event: 1.070 Thread 0x00007fba401fb800 1618   
Event: 1.070 Thread 0x00007fba401fb800 nmethod 1618 0x00007fba3a22cbd0 code [0x00007fba3a22cd20, 0x00007fba3a22ce50]
Event: 1.070 Thread 0x00007fba401fb800 1627   
Event: 1.070 Thread 0x00007fba401fb800 nmethod 1627 0x00007fba3a234f10 code [0x00007fba3a235060, 0x00007fba3a2351b0]
Event: 1.070 Thread 0x00007fba401fb800 1570   
Event: 1.070 Thread 0x00007fba401fb800 nmethod 1570 0x00007fba3a234b10 code [0x00007fba3a234c60, 0x00007fba3a234e10]
Event: 1.070 Thread 0x00007fba401fb800 1580   
Event: 1.070 Thread 0x00007fba401fb800 nmethod 1580 0x00007fba3a234810 code [0x00007fba3a234960, 0x00007fba3a234ab0]
Event: 1.070 Thread 0x00007fba401fb800 1579   
Event: 1.070 Thread 0x00007fba401fb800 nmethod 1579 0x00007fba3a234510 code [0x00007fba3a234660, 0x00007fba3a2347b0]

GC Heap History (3 events):
Event: 0.587 GC heap before
{Heap before GC invocations=1 (full 0):
 PSYoungGen      total 36800K, used 31552K [0x00000000d6cb0000, 0x00000000d95c0000, 0x00000000ffe00000)
  eden space 31552K, 100% used [0x00000000d6cb0000,0x00000000d8b80000,0x00000000d8b80000)
  from space 5248K, 0% used [0x00000000d90a0000,0x00000000d90a0000,0x00000000d95c0000)
  to   space 5248K, 0% used [0x00000000d8b80000,0x00000000d8b80000,0x00000000d90a0000)
 ParOldGen       total 84096K, used 0K [0x0000000084a00000, 0x0000000089c20000, 0x00000000d6cb0000)
  object space 84096K, 0% used [0x0000000084a00000,0x0000000084a00000,0x0000000089c20000)
 Metaspace total 8552K, used 8324K, reserved 10240K
  data space     7580K, used 7429K, reserved 8192K
  class space    972K, used 894K, reserved 2048K
Event: 0.592 GC heap after
Heap after GC invocations=1 (full 0):
 PSYoungGen      total 36800K, used 5242K [0x00000000d6cb0000, 0x00000000d95c0000, 0x00000000ffe00000)
  eden space 31552K, 0% used [0x00000000d6cb0000,0x00000000d6cb0000,0x00000000d8b80000)
  from space 5248K, 99% used [0x00000000d8b80000,0x00000000d909e868,0x00000000d90a0000)
  to   space 5248K, 0% used [0x00000000d90a0000,0x00000000d90a0000,0x00000000d95c0000)
 ParOldGen       total 84096K, used 2436K [0x0000000084a00000, 0x0000000089c20000, 0x00000000d6cb0000)
  object space 84096K, 2% used [0x0000000084a00000,0x0000000084c610b8,0x0000000089c20000)
 Metaspace total 8552K, used 8324K, reserved 10240K
  data space     7580K, used 7429K, reserved 8192K
  class space    972K, used 894K, reserved 2048K
}
Event: 1.070 GC heap before
{Heap before GC invocations=2 (full 0):
 PSYoungGen      total 36800K, used 36794K [0x00000000d6cb0000, 0x00000000d95c0000, 0x00000000ffe00000)
  eden space 31552K, 100% used [0x00000000d6cb0000,0x00000000d8b80000,0x00000000d8b80000)
  from space 5248K, 99% used [0x00000000d8b80000,0x00000000d909e868,0x00000000d90a0000)
  to   space 5248K, 0% used [0x00000000d90a0000,0x00000000d90a0000,0x00000000d95c0000)
 ParOldGen       total 84096K, used 2436K [0x0000000084a00000, 0x0000000089c20000, 0x00000000d6cb0000)
  object space 84096K, 2% used [0x0000000084a00000,0x0000000084c610b8,0x0000000089c20000)
 Metaspace total 11488K, used 11234K, reserved 14336K
  data space     10140K, used 10000K, reserved 12288K
  class space    1348K, used 1233K, reserved 2048K

Deoptimization events (10 events):
Event: 0.801 Thread 0x00007fba40390800 Uncommon trap -83 fr.pc 0x00007fba3a201170
Event: 0.801 Thread 0x00007fba40390800 Uncommon trap -83 fr.pc 0x00007fba3a380c0c
Event: 0.802 Thread 0x00007fba40390800 Uncommon trap -83 fr.pc 0x00007fba3a1cb5ec
Event: 0.812 Thread 0x00007fba40390800 Uncommon trap -83 fr.pc 0x00007fba3a36f980
Event: 0.850 Thread 0x00007fba40390800 Uncommon trap -83 fr.pc 0x00007fba3a3c95b8
Event: 0.894 Thread 0x00007fba40390800 Uncommon trap -122 fr.pc 0x00007fba3a35ad98
Event: 0.941 Thread 0x00007fba40390800 Uncommon trap -34 fr.pc 0x00007fba3a170694
Event: 0.941 Thread 0x00007fba40390800 Uncommon trap -34 fr.pc 0x00007fba3a170694
Event: 0.944 Thread 0x00007fba40390800 Uncommon trap -34 fr.pc 0x00007fba3a170694
Event: 0.944 Thread 0x00007fba40390800 Uncommon trap -34 fr.pc 0x00007fba3a170694

Internal exceptions (10 events):
Event: 1.016 Thread 0x00007fba40390800 Threw 0x00000000d87f50f0 at /HUDSON/workspace/jdk8-2-build-linux-amd64-product/jdk8/hotspot/src/share/vm/prims/jvm.cpp:1168
Event: 1.016 Thread 0x00007fba40390800 Threw 0x00000000d87f8218 at /HUDSON/workspace/jdk8-2-build-linux-amd64-product/jdk8/hotspot/src/share/vm/prims/jvm.cpp:1168
Event: 1.017 Thread 0x00007fba40390800 Threw 0x00000000d88038b8 at /HUDSON/workspace/jdk8-2-build-linux-amd64-product/jdk8/hotspot/src/share/vm/prims/jvm.cpp:1168
Event: 1.018 Thread 0x00007fba40390800 Threw 0x00000000d880ec60 at /HUDSON/workspace/jdk8-2-build-linux-amd64-product/jdk8/hotspot/src/share/vm/prims/jvm.cpp:1168
Event: 1.019 Thread 0x00007fba40390800 Threw 0x00000000d8824b18 at /HUDSON/workspace/jdk8-2-build-linux-amd64-product/jdk8/hotspot/src/share/vm/prims/jvm.cpp:1168
Event: 1.019 Thread 0x00007fba40390800 Threw 0x00000000d882a7a0 at /HUDSON/workspace/jdk8-2-build-linux-amd64-product/jdk8/hotspot/src/share/vm/prims/jvm.cpp:1168
Event: 1.020 Thread 0x00007fba40390800 Threw 0x00000000d882d8c0 at /HUDSON/workspace/jdk8-2-build-linux-amd64-product/jdk8/hotspot/src/share/vm/prims/jvm.cpp:1168
Event: 1.020 Thread 0x00007fba40390800 Threw 0x00000000d882ffa0 at /HUDSON/workspace/jdk8-2-build-linux-amd64-product/jdk8/hotspot/src/share/vm/prims/jvm.cpp:1168
Event: 1.024 Thread 0x00007fba40390800 Threw 0x00000000d8836330 at /HUDSON/workspace/jdk8-2-build-linux-amd64-product/jdk8/hotspot/src/share/vm/prims/jvm.cpp:1168
Event: 1.025 Thread 0x00007fba40390800 Threw 0x00000000d88397e0 at /HUDSON/workspace/jdk8-2-build-linux-amd64-product/jdk8/hotspot/src/share/vm/prims/jvm.cpp:1168

Events (10 events):
Event: 1.021 Thread 0x00007fba401fb800 flushing nmethod 0x00007fba3a467c50
Event: 1.022 Thread 0x00007fba401fb800 flushing nmethod 0x00007fba3a48c2d0
Event: 1.022 Thread 0x00007fba401fb800 flushing nmethod 0x00007fba3a49b290
Event: 1.022 Thread 0x00007fba401fb800 flushing nmethod 0x00007fba3a49ba90
Event: 1.022 Thread 0x00007fba401fb800 flushing nmethod 0x00007fba3a4a8b90
Event: 1.024 loading class 0x00007fb9d41135e0
Event: 1.024 loading class 0x00007fb9d41135e0 done
Event: 1.025 loading class 0x00007fb9d4113580
Event: 1.025 loading class 0x00007fb9d4113580 done
Event: 1.070 Executing VM operation: ParallelGCFailedAllocation


Dynamic libraries:
00400000-00401000 r-xp 00000000 08:01 3968636                            /usr/lib/jvm/java-8-oracle/jre/bin/java
00600000-00601000 rw-p 00000000 08:01 3968636                            /usr/lib/jvm/java-8-oracle/jre/bin/java
00bd3000-00bf4000 rw-p 00000000 00:00 0                                  [heap]
84a00000-ab560000 rw-p 00000000 00:00 0 
ab560000-d6cb0000 rw-p 00000000 00:00 0 
d6cb0000-d95c0000 rw-p 00000000 00:00 0 
d95c0000-ffe00000 rw-p 00000000 00:00 0 
ffe00000-fff51000 rw-p 00000000 00:00 0 
fff51000-100000000 rw-p 00000000 00:00 0 
7fb9d4000000-7fb9d4132000 rw-p 00000000 00:00 0 
7fb9d4132000-7fb9d8000000 ---p 00000000 00:00 0 
7fb9dc000000-7fb9dc021000 rw-p 00000000 00:00 0 
7fb9dc021000-7fb9e0000000 ---p 00000000 00:00 0 
7fb9e0000000-7fb9e0021000 rw-p 00000000 00:00 0 
7fb9e0021000-7fb9e4000000 ---p 00000000 00:00 0 
7fb9e4000000-7fb9e4b57000 rw-p 00000000 00:00 0 
7fb9e4b57000-7fb9e8000000 ---p 00000000 00:00 0 
7fb9e8000000-7fb9e8ab5000 rw-p 00000000 00:00 0 
7fb9e8ab5000-7fb9ec000000 ---p 00000000 00:00 0 
7fb9ec000000-7fb9ed0de000 rw-p 00000000 00:00 0 
7fb9ed0de000-7fb9f0000000 ---p 00000000 00:00 0 
7fb9f0000000-7fb9f0904000 rw-p 00000000 00:00 0 
7fb9f0904000-7fb9f4000000 ---p 00000000 00:00 0 
7fb9f4000000-7fb9f4021000 rw-p 00000000 00:00 0 
7fb9f4021000-7fb9f8000000 ---p 00000000 00:00 0 
7fb9f8000000-7fb9f8021000 rw-p 00000000 00:00 0 
7fb9f8021000-7fb9fc000000 ---p 00000000 00:00 0 
7fb9fc000000-7fb9fc021000 rw-p 00000000 00:00 0 
7fb9fc021000-7fba00000000 ---p 00000000 00:00 0 
7fba00000000-7fba00021000 rw-p 00000000 00:00 0 
7fba00021000-7fba04000000 ---p 00000000 00:00 0 
7fba04000000-7fba04021000 rw-p 00000000 00:00 0 
7fba04021000-7fba08000000 ---p 00000000 00:00 0 
7fba0c000000-7fba0c021000 rw-p 00000000 00:00 0 
7fba0c021000-7fba10000000 ---p 00000000 00:00 0 
7fba14000000-7fba14021000 rw-p 00000000 00:00 0 
7fba14021000-7fba18000000 ---p 00000000 00:00 0 
7fba1c000000-7fba1c021000 rw-p 00000000 00:00 0 
7fba1c021000-7fba20000000 ---p 00000000 00:00 0 
7fba2164d000-7fba216de000 rw-p 00000000 00:00 0 
7fba216de000-7fba2184d000 rw-p 00000000 00:00 0 
7fba2184d000-7fba21a1e000 rw-p 00000000 00:00 0 
7fba21a1e000-7fba21a4d000 rw-p 00000000 00:00 0 
7fba21a4d000-7fba21a50000 ---p 00000000 00:00 0 
7fba21a50000-7fba21e1f000 rw-p 00000000 00:00 0                          [stack:30384]
7fba21e1f000-7fba21e4e000 rw-p 00000000 00:00 0 
7fba21e4e000-7fba21eaa000 r--s 0053a000 00:16 2234600                    /home/seer/Bin/YUI/compiler.jar
7fba21eaa000-7fba21eab000 ---p 00000000 00:00 0 
7fba21eab000-7fba21fab000 rw-p 00000000 00:00 0                          [stack:30383]
7fba21fab000-7fba21fae000 ---p 00000000 00:00 0 
7fba21fae000-7fba220ac000 rw-p 00000000 00:00 0                          [stack:30382]
7fba220ac000-7fba220af000 ---p 00000000 00:00 0 
7fba220af000-7fba221ad000 rw-p 00000000 00:00 0                          [stack:30381]
7fba221ad000-7fba221b0000 ---p 00000000 00:00 0 
7fba221b0000-7fba222ae000 rw-p 00000000 00:00 0                          [stack:30380]
7fba222ae000-7fba222b1000 ---p 00000000 00:00 0 
7fba222b1000-7fba223af000 rw-p 00000000 00:00 0                          [stack:30379]
7fba223af000-7fba223b2000 ---p 00000000 00:00 0 
7fba223b2000-7fba224b0000 rw-p 00000000 00:00 0                          [stack:30378]
7fba224b0000-7fba224b3000 ---p 00000000 00:00 0 
7fba224b3000-7fba225b1000 rw-p 00000000 00:00 0                          [stack:30377]
7fba225b1000-7fba22c94000 r--p 00000000 08:01 2890269                    /usr/lib/locale/locale-archive
7fba22c94000-7fba22c97000 ---p 00000000 00:00 0 
7fba22c97000-7fba22d95000 rw-p 00000000 00:00 0                          [stack:30376]
7fba22d95000-7fba22d98000 ---p 00000000 00:00 0 
7fba22d98000-7fba22e96000 rw-p 00000000 00:00 0                          [stack:30375]
7fba22e96000-7fba22e97000 ---p 00000000 00:00 0 
7fba22e97000-7fba24000000 rw-p 00000000 00:00 0                          [stack:30374]
7fba24000000-7fba2423b000 rw-p 00000000 00:00 0 
7fba2423b000-7fba28000000 ---p 00000000 00:00 0 
7fba28000000-7fba28021000 rw-p 00000000 00:00 0 
7fba28021000-7fba2c000000 ---p 00000000 00:00 0 
7fba2c000000-7fba2c021000 rw-p 00000000 00:00 0 
7fba2c021000-7fba30000000 ---p 00000000 00:00 0 
7fba3005e000-7fba34000000 rw-p 00000000 00:00 0 
7fba34000000-7fba34021000 rw-p 00000000 00:00 0 
7fba34021000-7fba38000000 ---p 00000000 00:00 0 
7fba38021000-7fba39839000 rw-p 00000000 00:00 0 
7fba39839000-7fba399fa000 r--s 03a7f000 08:01 3969280                    /usr/lib/jvm/java-8-oracle/jre/lib/rt.jar
7fba399fa000-7fba399fb000 ---p 00000000 00:00 0 
7fba399fb000-7fba39afb000 rw-p 00000000 00:00 0                          [stack:30373]
7fba39afb000-7fba39afc000 ---p 00000000 00:00 0 
7fba39afc000-7fba39bfc000 rw-p 00000000 00:00 0                          [stack:30372]
7fba39bfc000-7fba39bfd000 ---p 00000000 00:00 0 
7fba39bfd000-7fba39cfd000 rw-p 00000000 00:00 0                          [stack:30371]
7fba39cfd000-7fba39cfe000 ---p 00000000 00:00 0 
7fba39cfe000-7fba39dfe000 rw-p 00000000 00:00 0                          [stack:30370]
7fba39dfe000-7fba39dff000 ---p 00000000 00:00 0 
7fba39dff000-7fba39eff000 rw-p 00000000 00:00 0                          [stack:30369]
7fba39eff000-7fba39f00000 ---p 00000000 00:00 0 
7fba39f00000-7fba3a000000 rw-p 00000000 00:00 0                          [stack:30368]
7fba3a000000-7fba3a4f0000 rwxp 00000000 00:00 0 
7fba3a4f0000-7fba40421000 rw-p 00000000 00:00 0 
7fba40421000-7fba44000000 ---p 00000000 00:00 0 
7fba4403d000-7fba4405d000 r--s 002a2000 08:01 3969237                    /usr/lib/jvm/java-8-oracle/jre/lib/ext/cldrdata.jar
7fba4405d000-7fba4405e000 ---p 00000000 00:00 0 
7fba4405e000-7fba4415e000 rw-p 00000000 00:00 0                          [stack:30367]
7fba4415e000-7fba4415f000 ---p 00000000 00:00 0 
7fba4415f000-7fba44395000 rw-p 00000000 00:00 0                          [stack:30366]
7fba44395000-7fba444f1000 rw-p 00000000 00:00 0 
7fba444f1000-7fba44627000 rw-p 00000000 00:00 0 
7fba44627000-7fba44782000 rw-p 00000000 00:00 0 
7fba44782000-7fba44797000 rw-p 00000000 00:00 0 
7fba44797000-7fba448cb000 rw-p 00000000 00:00 0 
7fba448cb000-7fba448e0000 rw-p 00000000 00:00 0 
7fba448e0000-7fba44a4c000 rw-p 00000000 00:00 0 
7fba44a4c000-7fba4500d000 rw-p 00000000 00:00 0 
7fba4500d000-7fba4504c000 rw-p 00000000 00:00 0 
7fba4504c000-7fba45068000 r-xp 00000000 08:01 3969167                    /usr/lib/jvm/java-8-oracle/jre/lib/amd64/libzip.so
7fba45068000-7fba45267000 ---p 0001c000 08:01 3969167                    /usr/lib/jvm/java-8-oracle/jre/lib/amd64/libzip.so
7fba45267000-7fba45268000 rw-p 0001b000 08:01 3969167                    /usr/lib/jvm/java-8-oracle/jre/lib/amd64/libzip.so
7fba45268000-7fba45274000 r-xp 00000000 08:01 6032975                    /lib/x86_64-linux-gnu/libnss_files-2.15.so
7fba45274000-7fba45473000 ---p 0000c000 08:01 6032975                    /lib/x86_64-linux-gnu/libnss_files-2.15.so
7fba45473000-7fba45474000 r--p 0000b000 08:01 6032975                    /lib/x86_64-linux-gnu/libnss_files-2.15.so
7fba45474000-7fba45475000 rw-p 0000c000 08:01 6032975                    /lib/x86_64-linux-gnu/libnss_files-2.15.so
7fba45475000-7fba4547f000 r-xp 00000000 08:01 6032963                    /lib/x86_64-linux-gnu/libnss_nis-2.15.so
7fba4547f000-7fba4567f000 ---p 0000a000 08:01 6032963                    /lib/x86_64-linux-gnu/libnss_nis-2.15.so
7fba4567f000-7fba45680000 r--p 0000a000 08:01 6032963                    /lib/x86_64-linux-gnu/libnss_nis-2.15.so
7fba45680000-7fba45681000 rw-p 0000b000 08:01 6032963                    /lib/x86_64-linux-gnu/libnss_nis-2.15.so
7fba45681000-7fba45698000 r-xp 00000000 08:01 6034851                    /lib/x86_64-linux-gnu/libnsl-2.15.so
7fba45698000-7fba45897000 ---p 00017000 08:01 6034851                    /lib/x86_64-linux-gnu/libnsl-2.15.so
7fba45897000-7fba45898000 r--p 00016000 08:01 6034851                    /lib/x86_64-linux-gnu/libnsl-2.15.so
7fba45898000-7fba45899000 rw-p 00017000 08:01 6034851                    /lib/x86_64-linux-gnu/libnsl-2.15.so
7fba45899000-7fba4589b000 rw-p 00000000 00:00 0 
7fba4589b000-7fba458a3000 r-xp 00000000 08:01 6032976                    /lib/x86_64-linux-gnu/libnss_compat-2.15.so
7fba458a3000-7fba45aa2000 ---p 00008000 08:01 6032976                    /lib/x86_64-linux-gnu/libnss_compat-2.15.so
7fba45aa2000-7fba45aa3000 r--p 00007000 08:01 6032976                    /lib/x86_64-linux-gnu/libnss_compat-2.15.so
7fba45aa3000-7fba45aa4000 rw-p 00008000 08:01 6032976                    /lib/x86_64-linux-gnu/libnss_compat-2.15.so
7fba45aa4000-7fba45acd000 r-xp 00000000 08:01 3969125                    /usr/lib/jvm/java-8-oracle/jre/lib/amd64/libjava.so
7fba45acd000-7fba45ccd000 ---p 00029000 08:01 3969125                    /usr/lib/jvm/java-8-oracle/jre/lib/amd64/libjava.so
7fba45ccd000-7fba45ccf000 rw-p 00029000 08:01 3969125                    /usr/lib/jvm/java-8-oracle/jre/lib/amd64/libjava.so
7fba45ccf000-7fba45cdc000 r-xp 00000000 08:01 3969142                    /usr/lib/jvm/java-8-oracle/jre/lib/amd64/libverify.so
7fba45cdc000-7fba45edb000 ---p 0000d000 08:01 3969142                    /usr/lib/jvm/java-8-oracle/jre/lib/amd64/libverify.so
7fba45edb000-7fba45edd000 rw-p 0000c000 08:01 3969142                    /usr/lib/jvm/java-8-oracle/jre/lib/amd64/libverify.so
7fba45edd000-7fba45ee4000 r-xp 00000000 08:01 6032959                    /lib/x86_64-linux-gnu/librt-2.15.so
7fba45ee4000-7fba460e3000 ---p 00007000 08:01 6032959                    /lib/x86_64-linux-gnu/librt-2.15.so
7fba460e3000-7fba460e4000 r--p 00006000 08:01 6032959                    /lib/x86_64-linux-gnu/librt-2.15.so
7fba460e4000-7fba460e5000 rw-p 00007000 08:01 6032959                    /lib/x86_64-linux-gnu/librt-2.15.so
7fba460e5000-7fba461e0000 r-xp 00000000 08:01 6032972                    /lib/x86_64-linux-gnu/libm-2.15.so
7fba461e0000-7fba463df000 ---p 000fb000 08:01 6032972                    /lib/x86_64-linux-gnu/libm-2.15.so
7fba463df000-7fba463e0000 r--p 000fa000 08:01 6032972                    /lib/x86_64-linux-gnu/libm-2.15.so
7fba463e0000-7fba463e1000 rw-p 000fb000 08:01 6032972                    /lib/x86_64-linux-gnu/libm-2.15.so
7fba463e1000-7fba46ed4000 r-xp 00000000 08:01 3969157                    /usr/lib/jvm/java-8-oracle/jre/lib/amd64/server/libjvm.so
7fba46ed4000-7fba470d3000 ---p 00af3000 08:01 3969157                    /usr/lib/jvm/java-8-oracle/jre/lib/amd64/server/libjvm.so
7fba470d3000-7fba47187000 rw-p 00af2000 08:01 3969157                    /usr/lib/jvm/java-8-oracle/jre/lib/amd64/server/libjvm.so
7fba47187000-7fba471c4000 rw-p 00000000 00:00 0 
7fba471c4000-7fba47379000 r-xp 00000000 08:01 6032951                    /lib/x86_64-linux-gnu/libc-2.15.so
7fba47379000-7fba47578000 ---p 001b5000 08:01 6032951                    /lib/x86_64-linux-gnu/libc-2.15.so
7fba47578000-7fba4757c000 r--p 001b4000 08:01 6032951                    /lib/x86_64-linux-gnu/libc-2.15.so
7fba4757c000-7fba4757e000 rw-p 001b8000 08:01 6032951                    /lib/x86_64-linux-gnu/libc-2.15.so
7fba4757e000-7fba47583000 rw-p 00000000 00:00 0 
7fba47583000-7fba47585000 r-xp 00000000 08:01 6030220                    /lib/x86_64-linux-gnu/libdl-2.15.so
7fba47585000-7fba47785000 ---p 00002000 08:01 6030220                    /lib/x86_64-linux-gnu/libdl-2.15.so
7fba47785000-7fba47786000 r--p 00002000 08:01 6030220                    /lib/x86_64-linux-gnu/libdl-2.15.so
7fba47786000-7fba47787000 rw-p 00003000 08:01 6030220                    /lib/x86_64-linux-gnu/libdl-2.15.so
7fba47787000-7fba4779e000 r-xp 00000000 08:01 3969179                    /usr/lib/jvm/java-8-oracle/jre/lib/amd64/jli/libjli.so
7fba4779e000-7fba4799d000 ---p 00017000 08:01 3969179                    /usr/lib/jvm/java-8-oracle/jre/lib/amd64/jli/libjli.so
7fba4799d000-7fba4799e000 rw-p 00016000 08:01 3969179                    /usr/lib/jvm/java-8-oracle/jre/lib/amd64/jli/libjli.so
7fba4799e000-7fba479b6000 r-xp 00000000 08:01 6032956                    /lib/x86_64-linux-gnu/libpthread-2.15.so
7fba479b6000-7fba47bb5000 ---p 00018000 08:01 6032956                    /lib/x86_64-linux-gnu/libpthread-2.15.so
7fba47bb5000-7fba47bb6000 r--p 00017000 08:01 6032956                    /lib/x86_64-linux-gnu/libpthread-2.15.so
7fba47bb6000-7fba47bb7000 rw-p 00018000 08:01 6032956                    /lib/x86_64-linux-gnu/libpthread-2.15.so
7fba47bb7000-7fba47bbb000 rw-p 00000000 00:00 0 
7fba47bbb000-7fba47bdd000 r-xp 00000000 08:01 6034830                    /lib/x86_64-linux-gnu/ld-2.15.so
7fba47bed000-7fba47cb9000 rw-p 00000000 00:00 0 
7fba47cb9000-7fba47cbc000 ---p 00000000 00:00 0 
7fba47cbc000-7fba47dbe000 rw-p 00000000 00:00 0                          [stack:30365]
7fba47dcc000-7fba47dce000 rw-p 00000000 00:00 0 
7fba47dce000-7fba47dd1000 r--s 000f7000 08:01 3969238                    /usr/lib/jvm/java-8-oracle/jre/lib/ext/localedata.jar
7fba47dd1000-7fba47dd9000 rw-s 00000000 08:01 5636185                    /tmp/hsperfdata_seer/30364
7fba47dd9000-7fba47dda000 rw-p 00000000 00:00 0 
7fba47dda000-7fba47ddb000 ---p 00000000 00:00 0 
7fba47ddb000-7fba47ddd000 rw-p 00000000 00:00 0 
7fba47ddd000-7fba47dde000 r--p 00022000 08:01 6034830                    /lib/x86_64-linux-gnu/ld-2.15.so
7fba47dde000-7fba47de0000 rw-p 00023000 08:01 6034830                    /lib/x86_64-linux-gnu/ld-2.15.so
7fff2ea57000-7fff2ea78000 rw-p 00000000 00:00 0                          [stack]
7fff2ea9c000-7fff2ea9d000 r-xp 00000000 00:00 0                          [vdso]
ffffffffff600000-ffffffffff601000 r-xp 00000000 00:00 0                  [vsyscall]

VM Arguments:
java_command: /home/seer/Bin/YUI/compiler.jar --js modernizr.js --js_output_file modernizr.min.js
Launcher Type: SUN_STANDARD

Environment Variables:
PATH=/usr/lib/lightdm/lightdm:/usr/local/sbin:/usr/local/bin:/usr/sbin:/usr/bin:/sbin:/bin:/usr/games:/usr/local/games:/home/seer/bin
SHELL=/bin/bash
DISPLAY=:0

Signal Handlers:
SIGSEGV: [libjvm.so+0x938030], sa_mask[0]=0x7ffbfeff, sa_flags=0x10000004
SIGBUS: [libjvm.so+0x938030], sa_mask[0]=0x7ffbfeff, sa_flags=0x10000004
SIGFPE: [libjvm.so+0x7bbe10], sa_mask[0]=0x7ffbfeff, sa_flags=0x10000004
SIGPIPE: [libjvm.so+0x7bbe10], sa_mask[0]=0x7ffbfeff, sa_flags=0x10000004
SIGXFSZ: [libjvm.so+0x7bbe10], sa_mask[0]=0x7ffbfeff, sa_flags=0x10000004
SIGILL: [libjvm.so+0x7bbe10], sa_mask[0]=0x7ffbfeff, sa_flags=0x10000004
SIGUSR1: SIG_DFL, sa_mask[0]=0x00000000, sa_flags=0x00000000
SIGUSR2: [libjvm.so+0x7bb760], sa_mask[0]=0x00000000, sa_flags=0x10000004
SIGHUP: [libjvm.so+0x7be230], sa_mask[0]=0x7ffbfeff, sa_flags=0x10000004
SIGINT: [libjvm.so+0x7be230], sa_mask[0]=0x7ffbfeff, sa_flags=0x10000004
SIGTERM: [libjvm.so+0x7be230], sa_mask[0]=0x7ffbfeff, sa_flags=0x10000004
SIGQUIT: [libjvm.so+0x7be230], sa_mask[0]=0x7ffbfeff, sa_flags=0x10000004


---------------  S Y S T E M  ---------------

OS:wheezy/sid

uname:Linux 3.5.0-17-generic #28-Ubuntu SMP Tue Oct 9 19:31:23 UTC 2012 x86_64
libc:glibc 2.15 NPTL 2.15 
rlimit: STACK 8192k, CORE 0k, NPROC 62869, NOFILE 4096, AS infinity
load average:0.83 0.27 0.25

/proc/meminfo:
MemTotal:        8072260 kB
MemFree:         3419016 kB
Buffers:          255832 kB
Cached:          2131540 kB
SwapCached:           32 kB
Active:          2659144 kB
Inactive:        1297796 kB
Active(anon):    1720560 kB
Inactive(anon):   493396 kB
Active(file):     938584 kB
Inactive(file):   804400 kB
Unevictable:       31388 kB
Mlocked:           31388 kB
SwapTotal:       8281084 kB
SwapFree:        8239552 kB
Dirty:               404 kB
Writeback:             0 kB
AnonPages:       1601404 kB
Mapped:           190792 kB
Shmem:            638572 kB
Slab:             497424 kB
SReclaimable:     414748 kB
SUnreclaim:        82676 kB
KernelStack:        4944 kB
PageTables:        46524 kB
NFS_Unstable:          0 kB
Bounce:                0 kB
WritebackTmp:          0 kB
CommitLimit:    12317212 kB
Committed_AS:    6941788 kB
VmallocTotal:   34359738367 kB
VmallocUsed:      378724 kB
VmallocChunk:   34359326240 kB
HardwareCorrupted:     0 kB
AnonHugePages:         0 kB
HugePages_Total:       0
HugePages_Free:        0
HugePages_Rsvd:        0
HugePages_Surp:        0
Hugepagesize:       2048 kB
DirectMap4k:      264192 kB
DirectMap2M:     6983680 kB


CPU:total 8 (4 cores per cpu, 2 threads per core) family 6 model 58 stepping 9, cmov, cx8, fxsr, mmx, sse, sse2, sse3, ssse3, sse4.1, sse4.2, popcnt, avx, ht, tsc, tscinvbit, tscinv

/proc/cpuinfo:
processor	: 0
vendor_id	: GenuineIntel
cpu family	: 6
model		: 58
model name	: Intel(R) Core(TM) i7-3610QM CPU @ 2.30GHz
stepping	: 9
microcode	: 0x12
cpu MHz		: 2301.000
cache size	: 6144 KB
physical id	: 0
siblings	: 8
core id		: 0
cpu cores	: 4
apicid		: 0
initial apicid	: 0
fpu		: yes
fpu_exception	: yes
cpuid level	: 13
wp		: yes
flags		: fpu vme de pse tsc msr pae mce cx8 apic sep mtrr pge mca cmov pat pse36 clflush dts acpi mmx fxsr sse sse2 ss ht tm pbe syscall nx rdtscp lm constant_tsc arch_perfmon pebs bts rep_good nopl xtopology nonstop_tsc aperfmperf pni pclmulqdq dtes64 monitor ds_cpl vmx est tm2 ssse3 cx16 xtpr pdcm pcid sse4_1 sse4_2 x2apic popcnt tsc_deadline_timer aes xsave avx f16c rdrand lahf_lm ida arat epb xsaveopt pln pts dtherm tpr_shadow vnmi flexpriority ept vpid fsgsbase smep erms
bogomips	: 4589.43
clflush size	: 64
cache_alignment	: 64
address sizes	: 36 bits physical, 48 bits virtual
power management:

processor	: 1
vendor_id	: GenuineIntel
cpu family	: 6
model		: 58
model name	: Intel(R) Core(TM) i7-3610QM CPU @ 2.30GHz
stepping	: 9
microcode	: 0x12
cpu MHz		: 2301.000
cache size	: 6144 KB
physical id	: 0
siblings	: 8
core id		: 1
cpu cores	: 4
apicid		: 2
initial apicid	: 2
fpu		: yes
fpu_exception	: yes
cpuid level	: 13
wp		: yes
flags		: fpu vme de pse tsc msr pae mce cx8 apic sep mtrr pge mca cmov pat pse36 clflush dts acpi mmx fxsr sse sse2 ss ht tm pbe syscall nx rdtscp lm constant_tsc arch_perfmon pebs bts rep_good nopl xtopology nonstop_tsc aperfmperf pni pclmulqdq dtes64 monitor ds_cpl vmx est tm2 ssse3 cx16 xtpr pdcm pcid sse4_1 sse4_2 x2apic popcnt tsc_deadline_timer aes xsave avx f16c rdrand lahf_lm ida arat epb xsaveopt pln pts dtherm tpr_shadow vnmi flexpriority ept vpid fsgsbase smep erms
bogomips	: 4589.43
clflush size	: 64
cache_alignment	: 64
address sizes	: 36 bits physical, 48 bits virtual
power management:

processor	: 2
vendor_id	: GenuineIntel
cpu family	: 6
model		: 58
model name	: Intel(R) Core(TM) i7-3610QM CPU @ 2.30GHz
stepping	: 9
microcode	: 0x12
cpu MHz		: 2301.000
cache size	: 6144 KB
physical id	: 0
siblings	: 8
core id		: 2
cpu cores	: 4
apicid		: 4
initial apicid	: 4
fpu		: yes
fpu_exception	: yes
cpuid level	: 13
wp		: yes
flags		: fpu vme de pse tsc msr pae mce cx8 apic sep mtrr pge mca cmov pat pse36 clflush dts acpi mmx fxsr sse sse2 ss ht tm pbe syscall nx rdtscp lm constant_tsc arch_perfmon pebs bts rep_good nopl xtopology nonstop_tsc aperfmperf pni pclmulqdq dtes64 monitor ds_cpl vmx est tm2 ssse3 cx16 xtpr pdcm pcid sse4_1 sse4_2 x2apic popcnt tsc_deadline_timer aes xsave avx f16c rdrand lahf_lm ida arat epb xsaveopt pln pts dtherm tpr_shadow vnmi flexpriority ept vpid fsgsbase smep erms
bogomips	: 4589.43
clflush size	: 64
cache_alignment	: 64
address sizes	: 36 bits physical, 48 bits virtual
power management:

processor	: 3
vendor_id	: GenuineIntel
cpu family	: 6
model		: 58
model name	: Intel(R) Core(TM) i7-3610QM CPU @ 2.30GHz
stepping	: 9
microcode	: 0x12
cpu MHz		: 2301.000
cache size	: 6144 KB
physical id	: 0
siblings	: 8
core id		: 3
cpu cores	: 4
apicid		: 6
initial apicid	: 6
fpu		: yes
fpu_exception	: yes
cpuid level	: 13
wp		: yes
flags		: fpu vme de pse tsc msr pae mce cx8 apic sep mtrr pge mca cmov pat pse36 clflush dts acpi mmx fxsr sse sse2 ss ht tm pbe syscall nx rdtscp lm constant_tsc arch_perfmon pebs bts rep_good nopl xtopology nonstop_tsc aperfmperf pni pclmulqdq dtes64 monitor ds_cpl vmx est tm2 ssse3 cx16 xtpr pdcm pcid sse4_1 sse4_2 x2apic popcnt tsc_deadline_timer aes xsave avx f16c rdrand lahf_lm ida arat epb xsaveopt pln pts dtherm tpr_shadow vnmi flexpriority ept vpid fsgsbase smep erms
bogomips	: 4589.43
clflush size	: 64
cache_alignment	: 64
address sizes	: 36 bits physical, 48 bits virtual
power management:

processor	: 4
vendor_id	: GenuineIntel
cpu family	: 6
model		: 58
model name	: Intel(R) Core(TM) i7-3610QM CPU @ 2.30GHz
stepping	: 9
microcode	: 0x12
cpu MHz		: 2301.000
cache size	: 6144 KB
physical id	: 0
siblings	: 8
core id		: 0
cpu cores	: 4
apicid		: 1
initial apicid	: 1
fpu		: yes
fpu_exception	: yes
cpuid level	: 13
wp		: yes
flags		: fpu vme de pse tsc msr pae mce cx8 apic sep mtrr pge mca cmov pat pse36 clflush dts acpi mmx fxsr sse sse2 ss ht tm pbe syscall nx rdtscp lm constant_tsc arch_perfmon pebs bts rep_good nopl xtopology nonstop_tsc aperfmperf pni pclmulqdq dtes64 monitor ds_cpl vmx est tm2 ssse3 cx16 xtpr pdcm pcid sse4_1 sse4_2 x2apic popcnt tsc_deadline_timer aes xsave avx f16c rdrand lahf_lm ida arat epb xsaveopt pln pts dtherm tpr_shadow vnmi flexpriority ept vpid fsgsbase smep erms
bogomips	: 4589.43
clflush size	: 64
cache_alignment	: 64
address sizes	: 36 bits physical, 48 bits virtual
power management:

processor	: 5
vendor_id	: GenuineIntel
cpu family	: 6
model		: 58
model name	: Intel(R) Core(TM) i7-3610QM CPU @ 2.30GHz
stepping	: 9
microcode	: 0x12
cpu MHz		: 2301.000
cache size	: 6144 KB
physical id	: 0
siblings	: 8
core id		: 1
cpu cores	: 4
apicid		: 3
initial apicid	: 3
fpu		: yes
fpu_exception	: yes
cpuid level	: 13
wp		: yes
flags		: fpu vme de pse tsc msr pae mce cx8 apic sep mtrr pge mca cmov pat pse36 clflush dts acpi mmx fxsr sse sse2 ss ht tm pbe syscall nx rdtscp lm constant_tsc arch_perfmon pebs bts rep_good nopl xtopology nonstop_tsc aperfmperf pni pclmulqdq dtes64 monitor ds_cpl vmx est tm2 ssse3 cx16 xtpr pdcm pcid sse4_1 sse4_2 x2apic popcnt tsc_deadline_timer aes xsave avx f16c rdrand lahf_lm ida arat epb xsaveopt pln pts dtherm tpr_shadow vnmi flexpriority ept vpid fsgsbase smep erms
bogomips	: 4589.43
clflush size	: 64
cache_alignment	: 64
address sizes	: 36 bits physical, 48 bits virtual
power management:

processor	: 6
vendor_id	: GenuineIntel
cpu family	: 6
model		: 58
model name	: Intel(R) Core(TM) i7-3610QM CPU @ 2.30GHz
stepping	: 9
microcode	: 0x12
cpu MHz		: 2301.000
cache size	: 6144 KB
physical id	: 0
siblings	: 8
core id		: 2
cpu cores	: 4
apicid		: 5
initial apicid	: 5
fpu		: yes
fpu_exception	: yes
cpuid level	: 13
wp		: yes
flags		: fpu vme de pse tsc msr pae mce cx8 apic sep mtrr pge mca cmov pat pse36 clflush dts acpi mmx fxsr sse sse2 ss ht tm pbe syscall nx rdtscp lm constant_tsc arch_perfmon pebs bts rep_good nopl xtopology nonstop_tsc aperfmperf pni pclmulqdq dtes64 monitor ds_cpl vmx est tm2 ssse3 cx16 xtpr pdcm pcid sse4_1 sse4_2 x2apic popcnt tsc_deadline_timer aes xsave avx f16c rdrand lahf_lm ida arat epb xsaveopt pln pts dtherm tpr_shadow vnmi flexpriority ept vpid fsgsbase smep erms
bogomips	: 4589.43
clflush size	: 64
cache_alignment	: 64
address sizes	: 36 bits physical, 48 bits virtual
power management:

processor	: 7
vendor_id	: GenuineIntel
cpu family	: 6
model		: 58
model name	: Intel(R) Core(TM) i7-3610QM CPU @ 2.30GHz
stepping	: 9
microcode	: 0x12
cpu MHz		: 2300.000
cache size	: 6144 KB
physical id	: 0
siblings	: 8
core id		: 3
cpu cores	: 4
apicid		: 7
initial apicid	: 7
fpu		: yes
fpu_exception	: yes
cpuid level	: 13
wp		: yes
flags		: fpu vme de pse tsc msr pae mce cx8 apic sep mtrr pge mca cmov pat pse36 clflush dts acpi mmx fxsr sse sse2 ss ht tm pbe syscall nx rdtscp lm constant_tsc arch_perfmon pebs bts rep_good nopl xtopology nonstop_tsc aperfmperf pni pclmulqdq dtes64 monitor ds_cpl vmx est tm2 ssse3 cx16 xtpr pdcm pcid sse4_1 sse4_2 x2apic popcnt tsc_deadline_timer aes xsave avx f16c rdrand lahf_lm ida arat epb xsaveopt pln pts dtherm tpr_shadow vnmi flexpriority ept vpid fsgsbase smep erms
bogomips	: 4589.43
clflush size	: 64
cache_alignment	: 64
address sizes	: 36 bits physical, 48 bits virtual
power management:



Memory: 4k page, physical 8072260k(3419016k free), swap 8281084k(8239552k free)

vm_info: Java HotSpot(TM) 64-Bit Server VM (25.0-b02) for linux-amd64 JRE (1.8.0-ea-b59), built on Oct  3 2012 06:32:16 by "java_re" with gcc 4.3.0 20080428 (Red Hat 4.3.0-8)

time: Sun Oct 21 02:41:47 2012
elapsed time: 1 seconds

